
Filename:  Gen 3S 14-Door.xlsx
['2', '811620020428', 'Fairlife Chocolate 14oz'] ['2', '811620020435', 'Fairlife Strawberry 14oz'] ['1', '811620020886', 'Fairlife 2% White 14oz'] ['2', '072350000115', 'Yoo-Hoo Chocolate 15.5oz'] ['1', '014800511758', 'Clamato Juice 16oz'] ['1', '050000328420', 'Coffee Mate French Vanilla 16oz'] ['3', '026400700005', 'Darigold Chocolate 14oz'] ['3', '026400700036', 'Darigold Strawberry 14oz'] ['2', '026400700081', 'Darigold Whole 14oz'] ['2', '026400700104', 'Darigold 2% 14oz'] ['2', '028000948733', 'Nesquik Chocolate'] ['1', '028000948863', 'Nesquik Strawberry'] ['1', '028000950446', 'Nesquik Banana Strawberry'] ['1', '028000950385', 'Nesquik Fudge Brownie'] ['1', '028000962531', 'Nesquik Vanilla'] ['1', '028000358457', 'Nesquik Protein Strawberry'] ['1', '028000276393', 'Nesquik Protein Chocolate'] ['1', '025293004337', 'Silk Almond Vanilla'] ['1', '025293004320', 'Silk Almond Dark Chocolate'] ['2', '811620020640', 'Core Power Elite Chocolate'] ['2', '811620021470', 'Core Power Elite Strawberry'] ['2', '811620020664', 'Core Power Elite Vanilla'] ['2', '811620022002', 'Core Power 26g Chocolate'] ['1', '811620022033', 'Core Power 26g Strawberry'] ['1', '811620022019', 'Core Power 26g Vanilla'] ['1', '710779770492', 'Lean Body Cookies & Cream'] ['1', '710779770478', 'Lean Body Chocolate'] ['1', '710779770461', 'Lean Body Vanilla'] ['1', '710779770485', 'Lean Body Salted Caramel'] ['2', '876063002806', 'Muscle Milk Pro Chocolate'] ['1', '876063002813', 'Muscle Milk Pro Vanilla'] ['1', '052000051179', 'Muscle Milk Pro PB Chocolate'] ['1', '876063007160', 'Muscle Milk Pro Strawberry'] ['1', '876063002011', 'Muscle Milk Chocolate'] ['4', '853158004006', 'Alkaline 88 Gallon'] ['4', '855891006545', 'Cforce Gallon'] ['4', '071142000050', 'Arrowhead Gallon'] ['2', '898999010229', 'Vita Coco Water 17oz'] ['1', '898999011240', 'Vita Coco Pressed 17oz'] ['1', '899407013009', 'Nero Sonic Super Fusion'] ['1', '899407015010', 'Nero Sleep Mellow Mango'] ['1', '899407014013', 'Nero Bliss White Raspberry'] ['1', '812475011227', 'Aloe Original'] ['1', '812475011296', 'Aloe Watermelon'] ['1', '812475011302', 'Aloe Apple Crisp'] ['1', '812475011258', 'Aloe Mangosteen'] ['1', '082592720153', 'Naked Green Machine'] ['1', '082592727152', 'Naked Blue Machine'] ['1', '082592660152', 'Naked Mighty Mango'] ['1', '082592988157', 'Naked Berry Blast'] ['1', '082592194152', 'Naked Strawberry Banana'] ['1', '722430110110', 'Kombucha Triology'] ['1', '722430710112', 'Kombucha Lemon Berry'] ['1', '722430200118', 'Kombucha Gingerade'] ['1', '098100100096', 'Starbucks Pink'] ['1', '098100100119', 'Starbucks Tropical'] ['1', '051000275622', 'V-8 Original 11.5oz'] ['1', '051000276230', 'V-8 Sparkling Strawberry Kiwi 11.5oz'] ['1', '051000276339', 'V-8 Sparkling Orange Pineapple 11.5oz'] ['1', '051000272942', 'V-8 Energy Pom Blueberry 11.5oz'] ['1', '051000272935', 'V-8 Energy Peach Mango 11.5oz'] ['2', '025000131370', 'Minute Made Agua Frescas Strawberry'] ['2', '025000131394', 'Minute Made Agua Frescas Mango'] ['1', '025000131356', 'Minute Made Agua Frescas Hibiscus'] ['3', '025000062193', 'Minute Made Orange Juice'] ['3', '025000061523', 'Minute Made Apple Juice'] ['2', '025000054075', 'Minute Made Cran/Apple/Rasp'] ['2', '025000052194', 'Minute Made Cran/Grape'] ['1', '025000010699', 'Simply Orange 11.5oz'] ['1', '025000100697', 'Simply Fruit Punch 11.5oz'] ['1', '025000010576', 'Simply Apple 11.5oz'] ['1', '025000000300', 'Simply Cranberry 11.5oz'] ['1', '025000010682', 'Simply Lemonade 11.5oz'] ['1', '025000010637', 'Simply Orange Mango 11.5oz'] ['1', '025000010675', 'Simply Raspberry Lemonade 11.5oz'] ['1', '025000040191', 'Simply Smoothie Orchard Berry'] ['1', '025000000735', 'Simply Smoothie Strawberry Banana'] ['1', '025000040153', 'Simply Smoothie Mango Pineapple'] ['2', '048500017753', 'Tropicana OJ No Pulp'] ['1', '048500017777', 'Tropicana OJ Some Pulp'] ['1', '048500017760', 'Tropicana OJ Calcium'] ['1', '048500018668', 'Tropicana Lemonade'] ['1', '048500205129', 'Tropicana Lemonade Zero'] ['1', '048500205112', 'Tropicana Punch Zero'] ['1', '012000071751', 'Dole Apple Juice'] ['1', '012000021381', 'OS Cran/Grape'] ['1', '012000021367', 'OS Cranberry Cocktail'] ['1', '883990661204', 'Good2Grow Apple Juice'] ['1', '883990651205', 'Good2Grow Fruit Punch'] ['1', '883990661242', 'Good2Grow Strawberry Kiwi'] ['1', '883990661259', 'Good2Grow Tropical Melody'] ['1', '883990681219', 'Good2Grow Fruit Fusion'] ['1', '883990681202', 'Good2Grow Grape'] ['1', '016571245757', 'Sparkling Ice Kiwi Strawberry 17oz'] ['1', '016571245740', 'Sparkling Ice Orange Mango 17oz'] ['1', '016571245733', 'Sparkling Ice Black Raspberry17oz'] ['1', '016571940393', 'Sparkling Ice Peach Nectarine 17oz'] ['3', '846767003812', 'Wally Blue Raspberry'] ['3', '846767003850', 'Wally Fruit Punch'] ['2', '846767003898', 'Wally White Cherry'] ['2', '846767003836', 'Wally Orange'] ['1', '852311004273', 'Bai Molokai Coconut'] ['1', '813694025569', 'Bai Zambia Bing Cherry'] ['1', '813694026337', 'Bai Pineapple Mango'] ['1', '852311004013', 'Bai Blue Berry'] ['2', '079581444015', 'Calypso Ocean Blue'] ['1', '079581444039', 'Calypso Southern Peach'] ['1', '079581444053', 'Calypso Island Wave'] ['1', '079581444022', 'Calypso Lemonade Strawberry'] ['1', '810028296015', 'Ghost Sour Patch Blue Raspberry 16oz'] ['1', '810028293328', 'Ghost Sour Patch Red Berry 16oz'] ['1', '810028298958', 'Ghost Cherry Limeade 16oz'] ['1', '810085812197', 'Ghost Orange Cream 16oz'] ['1', '810028293335', 'Ghost Tropical Mango 16oz'] ['1', '810128520058', 'Ghost Pink Lemonade 16oz'] ['1', '810085819103', 'Ghost Faze Pop 16oz'] ['1', '810085812210', 'Ghost Warhead Sour Apple 16oz'] ['1', '810028293342', 'Ghost Warhead Watermelon 16oz'] ['1', '810028297753', 'Ghost Swedish Fish 16oz'] ['8', '611269423754', 'Red Bull Sugar Free 12oz'] ['3', '611269615050', 'Red Bull Total Zero 12oz'] ['22', '611269917475', 'Red Bull 12oz'] ['3', '611269001730', 'Red Bull Winter 12oz'] ['2', '611269115482', 'Red Bull Yellow 12oz'] ['2', '611269453560', 'Red Bull Watermelon 12oz'] ['2', '611269001020', 'Red Bull Dragon Fruit 12oz'] ['2', '611269001303', 'Red Bull Strawberry Apricot 12oz'] ['3', '611269001655', 'Red Bull Juneberry 12oz'] ['3', '611269283112', 'Red Bull Peach 12oz'] ['3', '611269182545', 'Red Bull Blue 12oz'] ['2', '611269321210', 'Red Bull Coconut 12oz'] ['9', '611269122114', 'Red Bull Sugar Free 8.4oz'] ['3', '611269615043', 'Red Bull Total Zero 8.4oz'] ['10', '611269991246', 'Red Bull 8.4oz'] ['1', '611269357059', 'Red Bull 8.4oz 4-pk'] ['2', '611269001723', 'Red Bull Winter 8oz'] ['2', '611269281620', 'Red Bull Yellow 8.4oz'] ['2', '611269331240', 'Red Bull Watermelon 8.4oz'] ['1', '611269000986', 'Red Bull Dragon Fruit 8.4oz'] ['1', '611269001280', 'Red Bull Strawberry Apricot 8.4oz'] ['1', '611269001631', 'Red Bull Juneberry 8.4oz'] ['1', '611269333596', 'Red Bull Peach 8.4oz'] ['1', '611269235692', 'Red Bull Blue 8.4oz'] ['1', '611269281613', 'Red Bull Coconut 8.4oz'] ['3', '611269546231', 'Red Bull 16oz'] ['2', '611269546248', 'Red Bull Sugar Free 16oz'] ['3', '611269134551', 'Red Bull 20oz'] ['2', '611269134568', 'Red Bull Sugar Free 20oz'] ['3', '070847892366', 'Monster Energy 19.2oz'] ['3', '070847892526', 'Monster Zero Ultra 19.2oz'] ['2', '070847892397', 'Monster Mango Loco 19.2oz'] ['2', '070847892557', 'Monster Rehab 18.6oz'] ['4', '070847000044', 'Monster Zero Sugar 16oz'] ['2', '070847810261', 'Monster Lo-Carb 16oz'] ['2', '070847037767', 'Monster Nitro Super Dry 16oz'] ['12', '070847810162', 'Monster Energy 16oz'] ['3', '070847891864', 'Monster Ultra Strawberry 16oz'] ['2', '070847000303', 'Monster Energy 12oz'] ['2', '070847037545', 'Monster Zero Ultra 12oz'] ['1', '070847896227', 'Monster Ultra Ruby Red 12oz'] ['1', '070847895305', 'Monster Ultra Sunrise 12oz'] ['1', '070847891840', 'Monster Ultra Strawberry 12oz'] ['6', '070847012481', 'Monster Zero Ultra 16oz'] ['2', '070847896197', 'Monster Ultra Ruby Red 16oz'] ['2', '070847020912', 'Monster Ultra Sunrise 16oz'] ['2', '070847029427', 'Monster Ultra Peachy Keen 16oz'] ['2', '070847027355', 'Monster Ultra Violet 16oz'] ['2', '070847033097', 'Monster Ultra Paradise 16oz'] ['2', '070847037996', 'Monster Ultra Watermelon 16oz'] ['2', '070847034636', 'Monster Ultra Fiesta Mango 16oz'] ['2', '070847003236', 'Monster Rehab 15.5oz'] ['2', '070847021537', 'Monster Rehab Peach 15.5oz'] ['2', '070847896685', 'Monster Rehab Green 15.5oz'] ['2', '070847896289', 'Monster Reserve Peach Cream 16oz'] ['2', '070847890812', 'Monster Reserve Orange Dream 16oz'] ['2', '070847029007', 'Monster Mango Loco 16oz'] ['2', '070847896166', 'Monster Rio Punch 16oz'] ['2', '070847022916', 'Monster Pipeline Punch 16oz'] ['2', '070847031901', 'Monster Pacific Punch 16oz'] ['2', '070847028185', 'Monster Aussie Lemonade 16oz'] ['4', '815154020015', 'NOS Energy 16oz'] ['1', '815154025928', 'NOS Zero 16oz'] ['2', '815154020107', 'NOS Grape 16oz'] ['2', '815154020190', 'Full Throttle 16oz'] ['1', '815154020244', 'Full Throttle Blue Demon 16oz'] ['4', '070847810247', 'Monster Energy 24oz'] ['3', '070847017714', 'Monster Zero Ultra 24oz'] ['2', '815154020084', 'NOS Energy 24oz'] ['1', '842595126938', 'C4 Smart Strawberry Guava 12oz'] ['1', '842595119909', 'C4 Smart Cherryberry Lime 12oz'] ['1', '842595106626', 'C4 Ultra Arctic Snow Cone 16oz'] ['1', '842595121667', 'C4 Ultra Fruit Punch 16oz'] ['2', '842595127720', 'C4 Ultra Orange Cream 16oz'] ['2', '842595129656', 'C4 Ultra Ruthless Raspberry 16oz'] ['1', '842595129649', 'C4 Ultra Berry Powerbomb 16oz'] ['1', '842595127713', 'C4 Ultra WW Freedom Ice 16oz'] ['1', '842595121759', 'C4 Starburst Strawberry 16oz'] ['1', '842595121766', 'C4 Skittles 16oz'] ['1', '842595106596', 'C4 Frozen Bombsicle 16oz'] ['1', '842595111095', 'C4 Midnight Cherry 16oz'] ['1', '842595131260', 'C4 Cherry Popsicle 16oz'] ['1', '842595131284', 'C4 Grape Popsicle 16oz'] ['1', '842595131307', 'C4 Hawaiian Pineapple 16oz'] ['1', '842595106572', 'C4 Watermelon 16oz'] ['1', '842595109368', 'C4 Orange Slice 16oz'] ['1', '842595126242', 'C4 WW Mango Foxtrot 16oz'] ['2', '748927060623', 'Amino Grape 12oz'] ['2', '748927060630', 'Amino Blueberry Lemonade 12oz'] ['1', '748927068261', 'Amino Berry Burst 12oz'] ['1', '748927066007', 'Amino Orange 12oz'] ['1', '748927062733', 'Amino Cherry 12oz'] ['1', '748927062740', 'Amino Mango 12oz'] ['1', '748927060609', 'Amino Strawberry 12oz'] ['1', '748927063488', 'Amino Peach 12oz'] ['1', '748927060616', 'Amino Watermelon 12oz'] ['1', '610764863812', 'Bang Peach Mango'] ['1', '610764863638', 'Bang Blue Razz'] ['1', '610764826176', 'Bang Purple Haze'] ['1', '610764863775', 'Bang Black Cherry Vanilla'] ['1', '610764863652', 'Bang Star Blast'] ['1', '610764000316', 'Bang Cotton Candy'] ['1', '610764028495', 'Bang Strawberry'] ['1', '610764863430', 'Bang Sour Head'] ['1', '610764024282', 'Bang Radical Skadattle'] ['1', '610764030054', 'Bang Watermelon'] ['2', '815154021913', 'Reign Orange Dreamsicle 16oz'] ['2', '815154024839', 'Reign Tropical Storm 16oz'] ['2', '815154025980', 'Reign Sour Gummy Worm 16oz'] ['1', '815154021418', 'Reign Rainbow Sherbet 16oz'] ['1', '815154023276', 'Reign White Gummy Bear 16oz'] ['1', '815154021678', 'Reign Razzle Berry 16oz'] ['1', '815154023412', 'Reign Cherry Limeaid 16oz'] ['1', '815154025522', 'Reign Storm Kiwi 12oz'] ['1', '815154025492', 'Reign Storm Grape 12oz'] ['1', '815154025478', 'Reign Storm Orange 12oz'] ['1', '815154026154', 'Reign Storm Guava Straw 12oz'] ['1', '815154026123', 'Reign Storm Citrus 12oz'] ['1', '850041914169', 'Ryse Kool-Aid'] ['1', '854050008826', 'Ryse Sunny D'] ['1', '085405000886', 'Ryse Ring Pop'] ['1', '850041914268', 'Ryse Country Time Lemonade'] ['1', '085405000884', 'Ryse Baja Burst'] ['1', '810030518089', 'Alani Cherry Twist 12oz'] ['1', '810030513728', 'Alani Juicy Peach 12oz'] ['1', '810030513100', 'Alani Cherry Slush 12oz'] ['1', '810030513117', 'Alani Cosmic Star 12oz'] ['1', '842885098211', 'Xyience Cherry Lime'] ['1', '842885098716', 'Xyience Mango Guava'] ['1', '842885097153', 'Xyience Frostberry Blast'] ['1', '842885098631', 'Xyience Blue Pom'] ['1', '842885000078', 'Xyience Fuji Apple'] ['1', '842885097869', 'Xyience Fruit Punch'] ['1', '846767002662', 'QT Energy 16oz'] ['1', '846767002709', 'QT Energy Blue 16oz'] ['1', '846767002723', 'QT Energy Ultra Zero 16oz'] ['1', '061500012555', 'Rooster Booster 16oz'] ['1', '061500011460', 'Rooster Booster Lite 16oz'] ['1', '850040516517', "1Phorm Scrmin' Freedom 16oz"] ['1', '850036648833', '1Phorm Blue Razz 16oz'] ['1', '850036648765', '1Phorm Citrus 16oz'] ['1', '850036648796', '1Phorm OG Sunrise 16oz'] ['1', '850040516531', '1Phorm Tropical Lightning 16oz'] ['1', '811374037369', 'Bucked Up Miami 16oz'] ['1', '811374035372', 'Bucked Up Rocket Pop 16oz'] ['1', '811374035310', 'Bucked Up Blood Raz 16oz'] ['1', '811374039707', 'Bucked Up White Gummy 16oz'] ['2', '818094005807', 'Rockstar Zero Silver Ice 16oz'] ['1', '818094005814', 'Rockstar Zero Punched 16oz'] ['1', '818094005753', 'Rockstar Sugar Free 16oz'] ['1', '818094009980', 'Rockstar Zero Strawberry Peach 16oz'] ['1', '012000220920', 'Rockstar Strawberry Peach 16oz'] ['1', '876063811705', 'Gatorade Twitch Strawberry'] ['1', '876063811910', 'Gatorade Twitch Cool Blue'] ['2', '012000016431', 'Mountain Dew AMP 16oz'] ['2', '818094005777', 'Rockstar Energy 16oz'] ['2', '818094005746', 'Rockstar Punched 16oz'] ['1', '818094005791', 'Rockstar Recovery Orange 16oz'] ['1', '818094005784', 'Rockstar Recovery 16oz'] ['2', '889392021394', 'Celsius Tropical Vibe 12oz'] ['2', '889392010190', 'Celsius Peach Vibe 12oz'] ['2', '889392021417', 'Celsius Arctic Vibe 12oz'] ['2', '889392000597', 'Celsius Fantasy Vibe 12oz'] ['1', '889392010022', 'Celsius Green Tea Raspberry Asai 12oz'] ['1', '889392010145', 'Celsius Kiwi Guava 12oz'] ['1', '889392021455', 'Celsius Strawberry Lemon 12oz'] ['3', '889392003628', 'Celsius Watermelon 12oz'] ['2', '889392010015', 'Celsius Green Tea Peach Mango 12oz'] ['2', '889392000313', 'Celsius Orange 12oz'] ['2', '889392000917', 'Celsius Grape Rush 12oz'] ['2', '889392000757', 'Celsius Lemon Lime 12oz'] ['2', '889392010176', 'Celsius Fuji Apple Pear 12oz'] ['2', '889392000320', 'Celsius Wild Berry 12oz'] ['2', '889393021318', 'Celsius Strawberry Guava 12oz'] ['1', '850000429298', 'Nocco Juicy Breeze'] ['1', '850000429120', 'Nocco Caribbean'] ['1', '850000429137', 'Nocco Tropical'] ['1', '850000429182', 'Nocco Miami'] ['1', '850000429274', 'Nocco Blood Orange'] ['1', '810014530680', 'Ashock Accelerator RockPop 12oz'] ['1', '810014530734', 'Ashock Accelerator Cherry IcePop 12oz'] ['1', '810014530475', 'Ashock Accelerator Island Guava 12oz'] ['1', '810014530314', 'Ashock Accelerator Peach Paradise 12oz'] ['1', '810014530710', 'Ashock Accelerator Tropical Punch 12oz'] ['1', '810014530499', 'Ashock Accelerator Cherry Lime 12oz'] ['1', '810014530543', 'Ashock Accelerator Berry Lemonade 12oz'] ['1', '810014530635', 'Ashock Tropical Punch 16oz'] ['1', '810014530345', 'Ashock Blue Raspberry 16oz'] ['1', '810014530369', 'Ashock Orange Freeze 16oz'] ['2', '070847831037', 'Java Monster Mean Bean 15oz'] ['2', '070847831068', 'Java Monster Loca Mocha 15oz'] ['2', '070847831013', 'Java Monster Irish Blend 15oz'] ['2', '070847024033', 'Java Monster Salted Caramel 15oz'] ['2', '070847892007', 'Java Monster Café Latte 15oz'] ['2', '049000550740', "Dunkin' Brownie Batter 11oz"] ['1', '049000550764', "Dunkin' Cake Batter 11oz"] ['1', '810019268229', 'Black Rifle 300 Mocha 15oz'] ['1', '810019268243', 'Black Rifle 300 Caramel Vanilla 15oz'] ['1', '810119703347', 'Black Rifle 300 Vanilla Bomb 15oz'] ['1', '810019263224', 'Black Rifle Mocha 11oz'] ['1', '810019263231', 'Black Rifle Cream 11oz'] ['1', '070847034797', 'Java Monster 300 Mocha 15oz'] ['1', '070847035114', 'Java Monster 300 Vanilla 15oz'] ['2', '049000172386', "Dunkin' Donuts Mocha 13.7oz"] ['1', '049000172393', "Dunkin' Donuts Vanilla 13.7oz"] ['1', '049000553628', "Dunkin' Donuts Caramel 13.7oz"] ['1', '049000072372', "Dunkin' Donuts Original 13.7oz"] ['2', '865891000150', 'Super Coffee Mocha 12oz'] ['1', '865891000139', 'Super Coffee Vanilla 12oz'] ['1', '850007042223', 'Super Coffee Caramel 12oz'] ['1', '865891000122', 'Super Coffee Hazelnut 12oz'] ['2', '012000038488', 'Starbucks White Chocolate 15oz'] ['1', '012000028472', 'Starbucks Coffee 15oz'] ['1', '012000181290', 'Starbucks TS Mocha 15oz'] ['1', '012000181313', 'Starbucks TS Vanilla 15oz'] ['1', '049000549515', 'Costa Latte Mocha'] ['1', '049000549539', 'Costa Latte Caramel'] ['1', '036632075000', 'Int. Delight Caramel 15oz'] ['1', '036632075011', 'Int. Delight Oreo 15oz'] ['1', '036632079798', "Int. Delight Reese's 15oz"] ['2', '012000001802', 'Starbucks Frap Coffee 13.7oz'] ['2', '012000016721', 'Starbucks Frap Caramel 13.7oz'] ['2', '012000028458', 'Starbucks Mocha 15oz'] ['2', '012000028496', 'Starbucks Vanilla 15oz'] ['2', '012000001772', 'Starbucks DS 6.5oz'] ['2', '012000151095', 'Starbucks Frap White Choc 13.7oz'] ['4', '012000004520', 'Starbucks Frap Mocha 13.7oz'] ['4', '012000813313', 'Starbucks Frap Vanilla 13.7oz'] ['2', '052000324815', 'Gatorade Cool Blue 20oz'] ['1', '052000328660', 'Gatorade Fruit Punch 20oz'] ['1', '052000328684', 'Gatorade Lemon Lime 20oz'] ['1', '052000328677', 'Gatorade Orange 20oz'] ['1', '052000324860', 'Gatorade Glacier Freeze 20oz'] ['1', '052000102475', 'Gatorade Glacier Cherry 20oz'] ['1', '052000043549', 'Gatorade Glacier Freeze Zero 20oz'] ['1', '052000042146', 'Gatorade Glacier Cherry Zero 20oz'] ['1', '052000047905', 'Gatorlyte Orange 20oz'] ['1', '052000047912', 'Gatorlyte Strawberry Kiwi 20oz'] ['1', '052000049005', 'Gatorlyte Cherry Lime 20oz'] ['1', '052000054993', 'Gatorlyte Glacier Freeze 20oz'] ['1', '052000050827', 'Gatorlyte Mix Berry 20oz'] ['1', '052000052869', 'Gatorlyte Lemon Lime 20oz'] ['1', '052000055006', 'Gatorlyte Fruit Punch 20oz'] ['1', '052000051572', 'Gadorade Gfit Water/Straw 16.9oz'] ['1', '052000051534', 'Gadorade Gfit Tropical Mango 16.9oz'] ['2', '052000047042', 'Gatorade Cool Blue Zero 28oz'] ['1', '052000042310', 'Gatorade Lemon Lime Zero 28oz'] ['1', '052000042320', 'Gatorade Orange Zero 28oz'] ['1', '052000043143', 'Gatorade Berry Zero 28oz'] ['1', '052000042344', 'Gatorade Glacier Cherry Zero 28oz'] ['1', '052000041415', 'Gatorade Glacier Freeze Zero 28oz'] ['1', '052000043270', 'Gatorade Grape Zero 28oz'] ['4', '052000135176', 'Gatorade Cool Blue 28oz'] ['4', '052000135138', 'Gatorade Fruit Punch 28oz'] ['4', '052000135152', 'Gatorade Lemon Lime 28oz'] ['4', '052000135145', 'Gatorade Orange 28oz'] ['3', '052000135190', 'Gatorade Glacier Freeze 28oz'] ['3', '052000102413', 'Gatorade Glacier Cherry 28oz'] ['2', '052000010296', 'Gatorade Arctic Blitz 28oz'] ['3', '052000135166', 'Gatorade Fierce Grape 28oz'] ['3', '052000135084', 'Gatorade Cucumber Lime 28oz'] ['2', '052000104103', 'Gatorade Blue Cherry 28oz'] ['3', '052000241235', 'Gatorade Cool Blue 24oz'] ['2', '052000241211', 'Gatorade Fruit Punch 24oz'] ['2', '052000241204', 'Gatorade Lemon Lime 24oz'] ['2', '052000103677', 'Gatorade Glacier Cherry 24oz'] ['2', '786162101068', 'Vitamin Water Energy 20oz'] ['2', '786162301116', 'Vitamin Water Power C 20oz'] ['2', '786162301154', 'Vitamin Water XXX 20oz'] ['2', '786162204854', 'Vitamin Water Refresh 20oz'] ['1', '786162101075', 'Vitamin Water Essential 20oz'] ['2', '786162202963', 'Vitamin Water XXX Zero 20oz'] ['2', '786162140757', 'Vitamin Water Gutzy Zero 20oz'] ['1', '786162411358', 'Vitamin Water Forever Zero 20oz'] ['2', '049000407907', 'Powerade Mountain Blast 20oz'] ['2', '049000403718', 'Powerade Fruit Punch 20oz'] ['2', '049000179354', 'Powerade Mountain Blast 28oz'] ['2', '049000179385', 'Powerade Fruit Punch 28oz'] ['2', '049000179408', 'Powerade Grape 28oz'] ['2', '049000179378', 'Powerade Lemon Lime 28oz'] ['2', '049000554458', 'Powerade Island Burst 28oz'] ['2', '049000179361', 'Powerade Orange 28oz'] ['1', '049000179392', 'Powerade Strawberry Lemon 28oz'] ['1', '049000179323', 'Powerade Mixed Berry Zero 28oz'] ['1', '049000554182', 'Powerade Strawberry Smash Zero 28oz'] ['1', '049000179316', 'Powerade Grape Zero 28oz'] ['1', '810113830582', 'Body Armor Flash Straw/Kiwi 20oz'] ['1', '810113830605', 'Body Armor Flash Tropical 20oz'] ['1', '810113830607', 'Body Armor Flash Grape 20oz'] ['1', '810113830698', 'Body Armor Flash Orange 20oz'] ['2', '858176002034', 'Body Armor Straw Banana 16oz'] ['2', '858176002027', 'Body Armor Orange Mango 16oz'] ['1', '858176002041', 'Body Armor Fruit Punch 16oz'] ['1', '810113831336', 'Body Armor Lemon Lime Lt 28oz'] ['1', '810113831398', 'Body Armor Fruit Punch Zero 28oz'] ['1', '810113831435', 'Body Armor Orange Zero 28oz'] ['1', '858176002850', 'Body Armor Peach Mango Lt 28oz'] ['2', '858176002355', 'Body Armor Straw Banana 28oz'] ['2', '858176002362', 'Body Armor Fruit Punch 28oz'] ['2', '858176002348', 'Body Armor Orange Mango 28oz'] ['1', '810113830339', 'Body Armor Passionfruit 28oz'] ['1', '810113830247', 'Body Armor Cherry Lime 28oz'] ['1', '858176002553', 'Body Armor Tropical Punch 28oz'] ['1', '850009942296', 'Body Armor Strawberry Grape 28oz'] ['1', '850009942449', 'Body Armor Blue Raspberry 28oz'] ['1', '858176002379', 'Body Armor Blackout Berry 28oz'] ['2', '786162001320', 'Vitamin Water XXX 32oz'] ['2', '786162004929', 'Vitamin Water Refresh 32oz'] ['2', '786162001207', 'Vitamin Water Power C 32oz'] ['2', '786162001160', 'Vitamin Water Energy 32oz'] ['3', '887725000450', 'Electrolite Fruit Punch'] ['2', '887725000006', 'Electrolite Grape'] ['2', '887725000054', 'Electrolite Orange'] ['2', '887725000863', 'Electrolite Zero Berry Blast'] ['1', '867693000218', 'Bio Lite Citrus'] ['1', '867693000256', 'Bio Lite Berry'] ['1', '867693000270', 'Bio Lite Tropical'] ['2', '887725000252', 'Electrolite Straw/Kiwi'] ['2', '887725001303', 'Electrolite Blue Raspberry'] ['2', '887725000047', 'Electrolite Coconut'] ['3', '852789008346', 'Zen Water 16.9oz'] ['2', '052000707786', 'Propel Kiwi Strawberry 20oz'] ['1', '052000013580', 'Propel Watermelon 20oz'] ['1', '052000041538', 'Propel Strawberry Lemon 20oz'] ['1', '052000047493', 'Propel Immunity Orange/Rasp 20oz'] ['1', '012000001598', 'Aquafina 20oz'] ['2', '852789008519', 'Zen Water 23.7oz'] ['2', '853004004150', 'Core Sports 24oz'] ['3', '858176002218', 'Body Armor Water 700mL'] ['2', '657227012240', 'Essentia 700mL'] ['3', '852789008094', 'Zen Water 33.8oz'] ['3', '853158004068', 'Alkaline 88 1L'] ['3', '853004004037', 'Core 30.4oz'] ['4', '858176002225', 'Body Armor Water 1L'] ['4', '657227012103', 'Essentia 1L'] ['2', '852789008537', 'Zen Water 50.7oz'] ['2', '853158004259', 'Alkaline 88 1.5L'] ['1', '810113830346', 'Body Armor Water 1.5L'] ['2', '657227012158', 'Essentia 1.5L'] ['1', '071537060300', 'Polar Seltzer Rasp Lime 20oz'] ['1', '071537060348', 'Polar Seltzer Lemon 20oz'] ['1', '071537060287', 'Polar Seltzer Black Cherry 20oz'] ['2', '068274351938', 'Splash Fizz Lemonade'] ['2', '068274351860', 'Splash Fizz Blood Orange'] ['2', '068274351891', 'Splash Fizz Raspberry/Blackberry'] ['1', '810132860062', 'Recover 180 Fruit Punch'] ['1', '810132860024', 'Recover 180 Peach Mango'] ['1', '810132860055', 'Recover 180 Super Berry'] ['1', '810132860000', 'Recover 180 Lemon Lime'] ['1', '810132860048', 'Recover 180 Watermelon'] ['1', '810116121557', 'Prime Lemonade'] ['1', '085004042708', 'Prime Ice Pop'] ['1', '085000356045', 'Prime Blue Razz'] ['1', '810116123452', 'Prime Cherry Freeze'] ['2', '021136181395', 'Topo Chico Sabores Blue/Hyb 12oz'] ['2', '021136181401', 'Topo Chico Sabores Lime Mint 12oz'] ['1', '021136181418', 'Topo Chico Sabores Tan/Gin 12oz'] ['2', '012000190872', 'Bubbly Grapefuit'] ['2', '012000190896', 'Bubbly Cherry'] ['1', '012000190889', 'Bubbly Lime'] ['1', '850031700079', 'Liquid Death Mountain Water 19oz'] ['1', '850031700185', 'Liquid Death Sparkling Water 19oz'] ['1', '850031700215', 'Liquid Death Berry Alive 19oz'] ['1', '850031700222', "Liquid Death Sev'rd Lime 19oz"] ['1', '850031700208', 'Liquid Death Mango Chainsaw 19oz'] ['1', '850031700246', 'Liquid Death Convict Melon 19oz'] ['2', '070847892755', 'Monster Tour Wellwater 19.2oz'] ['2', '070847892779', 'Monster Tour Sparkling Water 19.2oz'] ['1', '068274443121', 'Nestle Pure Life 20oz'] ['2', '071142078592', 'Arrowhead 20oz'] ['2', '027541009828', 'Niagra 20oz'] ['2', '071142041268', 'Arrowhead .5L'] ['2', '027541001235', 'Niagra .5L'] ['3', '070960951612', 'Saratoga Sparkling 16oz'] ['3', '068274543340', 'Nestle Pure Life 700mL'] ['3', '071142000029', 'Arrowhead 700mL'] ['2', '068274611995', 'Nestle Pure Life 1L'] ['2', '071142000005', 'Arrowhead 1L'] ['2', '027541001242', 'Niagra 1L'] ['2', '070478970013', 'AC+ION 1L'] ['2', '070960951605', 'Saratoga Spring 28oz'] ['5', '071142000159', 'Arrowhead 1.5L'] ['3', '893919001318', 'Icelandic 1L'] ['2', '856652006040', 'Waiakea 1L'] ['2', '856652006194', 'Waiakea 700mL'] ['2', '632565000050', 'Fiji 1L'] ['3', '786162001528', 'Smart Water 700mL'] ['1', '786162006134', 'Smart Water Cucumber 700mL'] ['1', '786162006233', 'Smart Water Strawberry 700mL'] ['2', '012000161162', 'Life Water 700mL'] ['2', '012000171635', 'Life Water 20oz'] ['2', '786162001443', 'Smart Water 20oz'] ['1', '786162411396', 'Smart Water Alkaline 20oz'] ['5', '786162023124', 'Smart Water 1L'] ['2', '786162411167', 'Smart Water Alkaline 1L'] ['2', '022000161155', 'Life Water 1L'] ['6', '049000526561', 'Dasani 1L'] ['2', '049000409772', 'Dasani 20oz'] ['6', '012000001574', 'Aquafina 1L'] ['2', '853004004020', 'Core 20oz'] ['2', '786162043122', 'Smart Water 1.5L'] ['2', '786162411150', 'Smart Water Alkaline 1.5L'] ['2', '853004004891', 'Core 1.3L'] ['1', '632565000067', 'Fiji 1.5L'] ['2', '076183323564', 'Snapple Peach Tea 32oz'] ['2', '076183328507', 'Snapple Apple 32oz'] ['2', '076183323632', 'Snapple Kiwi/Strawberry 32oz'] ['2', '076183323649', 'Snapple Mango Madness 32oz'] ['2', '076282000113', 'Qtea Unsweet Peach Mango'] ['1', '076282000120', 'Qtea Zero Cal'] ['1', '076282000083', 'Qtea Sweet w/Lemon'] ['1', '076282000090', 'Qtea Lemonade'] ['1', '076282000106', 'Qtea Sweet w/Raspberry'] ['1', '076282000076', 'Qtea Black w/Mango'] ['1', '076282000137', 'Qtea Black Sweet'] ['1', '047900361213', 'Luzianne Sweet Tea'] ['1', '047900361251', 'Luzianne Peach Tea'] ['1', '850031700260', 'Liquid Death Arnold Palmer'] ['1', '850031700277', 'Liquid Death Peach'] ['1', '850031700253', 'Liquid Death Grim Leaf'] ['2', '016571953836', 'Sparkling Ice Blue Raspberry'] ['2', '016571952853', 'Sparkling Ice Straw Citrus'] ['1', '016571953850', 'Sparkling Ice Black Raspberry'] ['1', '016571955151', 'Sparkling Ice Cherry Vanilla'] ['1', '016571952846', 'Sparkling Ice Tropical Punch'] ['3', '083900105754', 'Gold Peak Sweet'] ['2', '083900105778', 'Gold Peak Unsweet'] ['2', '083900105976', 'Gold Peak Green'] ['2', '049000167931', 'Gold Peak Peach'] ['1', '613008763343', 'Arizona Green'] ['1', '613008763398', 'Arizona Watermelon'] ['1', '613008763381', 'Arizona Mango'] ['1', '613008763411', 'Arizona Arnold Palmer'] ['1', '613008763350', 'Arizona Sweet Tea'] ['2', '049000170481', 'Peace Razzleberry'] ['1', '049000170429', 'Peace Caddy Shack'] ['1', '049000170436', 'Peace Peachy'] ['2', '012000286193', 'Pure Leaf Sweet'] ['2', '012000286179', 'Pure Leaf Extra Sweet'] ['1', '012000286209', 'Pure Leaf Unsweet'] ['1', '012000286186', 'Pure Leaf Lemon'] ['1', '012000012754', 'Lipton Green Citrus'] ['1', '012000112232', 'Lipton Peach'] ['1', '012000012785', 'Lipton Green Citrus Dt'] ['1', '076183003114', 'Snapple Peach 16oz'] ['1', '076183003107', 'Snapple Kiwi/Strawberry 16oz'] ['1', '076183003138', 'Snapple Fruit Punch 16oz'] ['2', '090478230672', 'Jarritos Mineragua'] ['1', '090478230047', 'Jarritos Sangria'] ['1', '090478230078', 'Jarritos Mundel Apple'] ['1', '090478210445', 'Jarritos Manderin'] ['1', '090478210575', 'Jarritos Strawberry'] ['1', '090478410043', 'Jarrritos Pineapple'] ['2', '012000031878', 'Brisk Sweet'] ['2', '012000161230', 'Brisk Strawberry Melon'] ['2', '012000024528', 'Brisk Raspberry'] ['1', '012000034022', 'Brisk Green w/Peach'] ['1', '012000202384', 'Brisk Sweet w/Lemon'] ['2', '012000110467', 'Kickstart Fruit Punch 16oz'] ['1', '012000110443', 'Kickstart Orange Citrus 16oz'] ['2', '012000180323', 'Kickstart Pin/Orange/Mango 16oz'] ['2', '012000211980', 'Pepsi Nitro Cola'] ['1', '012000211997', 'Pepsi Nitro Vanilla Cola'] ['1', '012000030284', 'Pepsi 16oz'] ['1', '012000027215', 'Mountain Dew 16oz'] ['3', '012000001291', 'Pepsi 20oz'] ['2', '012000005596', 'Pepsi Wild Cherry 20oz'] ['2', '012000018800', 'Pepsi Zero 20oz'] ['2', '012000171741', 'Pepsi Diet 20oz'] ['3', '012000001314', 'Mountain Dew 20oz'] ['2', '012000191435', 'Mountain Dew Zero 20oz'] ['2', '012000211706', 'Mountain Dew Spark 20oz'] ['1', '012000221514', 'Pepsi Starry 20oz'] ['1', '012000221521', 'Pepsi Starry Zero 20oz'] ['3', '012000001345', 'Mountain Dew Diet 20oz'] ['1', '012000130274', 'Mountain Dew Baja Blast 20oz'] ['1', '012000183386', 'Mountain Dew Baja Zero 20oz'] ['1', '012000204951', 'Mountain Dew Major Melon 20oz'] ['1', '012000002243', 'Mountain Dew Code Red 20oz'] ['1', '012000028625', 'Mountain Dew Voltage 20oz'] ['1', '012000811319', 'Mountain Dew Live Wire 20oz'] ['5', '078000082401', 'Dr Pepper 20oz'] ['2', '078000083408', 'Dr Pepper Diet 20oz'] ['2', '078000035308', 'Dr Pepper Zero 20oz'] ['2', '078000037678', 'Dr Pepper Straw/Cream 20oz'] ['2', '078000033519', 'Dr Pepper Cream 20oz'] ['1', '078000098402', 'Dr Pepper Cherry 20oz'] ['1', '078000013283', 'Crush Orange 20oz'] ['1', '078000013528', 'Crush Grape 20oz'] ['1', '078000016406', 'Squirt 20oz'] ['1', '050800000212', 'Squirt Ruby Red 20oz'] ['1', '078000001617', '7-Up 20oz'] ['1', '078000001624', '7-Up Zero 20oz'] ['1', '071817000378', 'Big Red 20oz'] ['1', '078000152401', 'Canada Dry 20oz'] ['1', '078000052404', 'A&W Rootbeer 20oz'] ['1', '078000053401', 'A&W Rootbeer Zero 20oz'] ['1', '078000054408', 'A&W Cream Soda 20oz'] ['1', '078000206401', 'Schweppes 20oz'] ['1', '078000035209', 'Sunkist Berry Lemonade 20oz'] ['2', '012000002946', 'Pepsi 1L'] ['2', '012000002977', 'Mountain Dew 1L'] ['1', '012000003189', 'Mountain Dew Diet 1L'] ['1', '078000016451', 'Squirt 1L'] ['1', '078000082456', 'Dr Pepper 1L'] ['1', '078000083453', 'Dr Pepper Diet 1L'] ['1', '049000177855', 'Coke 12oz Slim'] ['1', '049000177831', 'Coke Zero 12oz Slim'] ['1', '049000555240', 'Coke Spiced 12oz Slim'] ['1', '049000555370', 'Coke Spiced Zero 12oz Slim'] ['2', '049000153415', 'Coke 16oz'] ['1', '049000053746', 'Fanta Orange 16oz'] ['1', '049000153439', 'Sprite 16oz'] ['2', '078000005868', 'Dr Pepper 16oz'] ['9', '049000400441', 'Coke 20oz'] ['3', '049000018011', 'Coke Cherry 20oz'] ['3', '049000031171', 'Coke Vanilla 20oz'] ['3', '049000147544', 'Coke Cherry Zero 20oz'] ['3', '049000400458', 'Coke Diet 20oz'] ['2', '049000555196', 'Coke Spiced 20oz'] ['1', '049000555424', 'Coke Spiced Zero 20oz'] ['3', '049000140866', 'Coke Zero 20oz'] ['7', '049000407648', 'Sprite 20oz'] ['2', '049000178722', 'Sprite Lymeade 20oz'] ['3', '049000137194', 'Sprite Zero 20oz'] ['3', '025000058011', 'Minute Made Lemonade 20oz'] ['3', '025000119996', 'Minute Made Blue Raspberry 20oz'] ['2', '049000419160', 'Fanta Orange 20oz'] ['2', '049000026207', 'Fanta Strawberry 20oz'] ['2', '049000028201', 'Fanta Pineapple 20oz'] ['2', '049000141436', 'Fanta Orange Zero 20oz'] ['1', '049000023923', "Barq's Rootbeer 20oz"] ['3', '049000405224', 'Coke 1L'] ['3', '049000405248', 'Coke Diet 1L'] ['2', '049000023190', 'Sprite 1L'] ['1', '052000328677', 'Gatorade Orange 20oz'] ['1', '049000072372', "Dunkin' Donuts Original 13.7oz"] ['1', '865891000122', 'Super Coffee Hazelnut 12oz'] ['3', '852789008346', 'Zen Water 16.9oz'] ['']
Generating bar codes!


2 : 811620020428 : Fairlife Chocolate 14oz
2 : 811620020435 : Fairlife Strawberry 14oz
1 : 811620020886 : Fairlife 2% White 14oz
2 : 072350000115 : Yoo-Hoo Chocolate 15.5oz
1 : 014800511758 : Clamato Juice 16oz
1 : 050000328420 : Coffee Mate French Vanilla 16oz
3 : 026400700005 : Darigold Chocolate 14oz
3 : 026400700036 : Darigold Strawberry 14oz
2 : 026400700081 : Darigold Whole 14oz
2 : 026400700104 : Darigold 2% 14oz
2 : 028000948733 : Nesquik Chocolate
1 : 028000948863 : Nesquik Strawberry
1 : 028000950446 : Nesquik Banana Strawberry
1 : 028000950385 : Nesquik Fudge Brownie
1 : 028000962531 : Nesquik Vanilla
1 : 028000358457 : Nesquik Protein Strawberry
1 : 028000276393 : Nesquik Protein Chocolate
1 : 025293004337 : Silk Almond Vanilla
1 : 025293004320 : Silk Almond Dark Chocolate
2 : 811620020640 : Core Power Elite Chocolate
2 : 811620021470 : Core Power Elite Strawberry
2 : 811620020664 : Core Power Elite Vanilla
2 : 811620022002 : Core Power 26g Chocolate
1 : 811620022033 : Core Power 26g Strawberry
1 : 811620022019 : Core Power 26g Vanilla
1 : 710779770492 : Lean Body Cookies & Cream
1 : 710779770478 : Lean Body Chocolate
1 : 710779770461 : Lean Body Vanilla
1 : 710779770485 : Lean Body Salted Caramel
2 : 876063002806 : Muscle Milk Pro Chocolate
1 : 876063002813 : Muscle Milk Pro Vanilla
1 : 052000051179 : Muscle Milk Pro PB Chocolate
1 : 876063007160 : Muscle Milk Pro Strawberry
1 : 876063002011 : Muscle Milk Chocolate
4 : 853158004006 : Alkaline 88 Gallon
4 : 855891006545 : Cforce Gallon
4 : 071142000050 : Arrowhead Gallon
2 : 898999010229 : Vita Coco Water 17oz
1 : 898999011240 : Vita Coco Pressed 17oz
1 : 899407013009 : Nero Sonic Super Fusion
1 : 899407015010 : Nero Sleep Mellow Mango
1 : 899407014013 : Nero Bliss White Raspberry
1 : 812475011227 : Aloe Original
1 : 812475011296 : Aloe Watermelon
1 : 812475011302 : Aloe Apple Crisp
1 : 812475011258 : Aloe Mangosteen
1 : 082592720153 : Naked Green Machine
1 : 082592727152 : Naked Blue Machine
1 : 082592660152 : Naked Mighty Mango
1 : 082592988157 : Naked Berry Blast
1 : 082592194152 : Naked Strawberry Banana
1 : 722430110110 : Kombucha Triology
1 : 722430710112 : Kombucha Lemon Berry
1 : 722430200118 : Kombucha Gingerade
1 : 098100100096 : Starbucks Pink
1 : 098100100119 : Starbucks Tropical
1 : 051000275622 : V-8 Original 11.5oz
1 : 051000276230 : V-8 Sparkling Strawberry Kiwi 11.5oz
1 : 051000276339 : V-8 Sparkling Orange Pineapple 11.5oz
1 : 051000272942 : V-8 Energy Pom Blueberry 11.5oz
1 : 051000272935 : V-8 Energy Peach Mango 11.5oz
2 : 025000131370 : Minute Made Agua Frescas Strawberry
2 : 025000131394 : Minute Made Agua Frescas Mango
1 : 025000131356 : Minute Made Agua Frescas Hibiscus
3 : 025000062193 : Minute Made Orange Juice
3 : 025000061523 : Minute Made Apple Juice
2 : 025000054075 : Minute Made Cran/Apple/Rasp
2 : 025000052194 : Minute Made Cran/Grape
1 : 025000010699 : Simply Orange 11.5oz
1 : 025000100697 : Simply Fruit Punch 11.5oz
1 : 025000010576 : Simply Apple 11.5oz
1 : 025000000300 : Simply Cranberry 11.5oz
1 : 025000010682 : Simply Lemonade 11.5oz
1 : 025000010637 : Simply Orange Mango 11.5oz
1 : 025000010675 : Simply Raspberry Lemonade 11.5oz
1 : 025000040191 : Simply Smoothie Orchard Berry
1 : 025000000735 : Simply Smoothie Strawberry Banana
1 : 025000040153 : Simply Smoothie Mango Pineapple
2 : 048500017753 : Tropicana OJ No Pulp
1 : 048500017777 : Tropicana OJ Some Pulp
1 : 048500017760 : Tropicana OJ Calcium
1 : 048500018668 : Tropicana Lemonade
1 : 048500205129 : Tropicana Lemonade Zero
1 : 048500205112 : Tropicana Punch Zero
1 : 012000071751 : Dole Apple Juice
1 : 012000021381 : OS Cran/Grape
1 : 012000021367 : OS Cranberry Cocktail
1 : 883990661204 : Good2Grow Apple Juice
1 : 883990651205 : Good2Grow Fruit Punch
1 : 883990661242 : Good2Grow Strawberry Kiwi
1 : 883990661259 : Good2Grow Tropical Melody
1 : 883990681219 : Good2Grow Fruit Fusion
1 : 883990681202 : Good2Grow Grape
1 : 016571245757 : Sparkling Ice Kiwi Strawberry 17oz
1 : 016571245740 : Sparkling Ice Orange Mango 17oz
1 : 016571245733 : Sparkling Ice Black Raspberry17oz
1 : 016571940393 : Sparkling Ice Peach Nectarine 17oz
3 : 846767003812 : Wally Blue Raspberry
3 : 846767003850 : Wally Fruit Punch
2 : 846767003898 : Wally White Cherry
2 : 846767003836 : Wally Orange
1 : 852311004273 : Bai Molokai Coconut
1 : 813694025569 : Bai Zambia Bing Cherry
1 : 813694026337 : Bai Pineapple Mango
1 : 852311004013 : Bai Blue Berry
2 : 079581444015 : Calypso Ocean Blue
1 : 079581444039 : Calypso Southern Peach
1 : 079581444053 : Calypso Island Wave
1 : 079581444022 : Calypso Lemonade Strawberry
1 : 810028296015 : Ghost Sour Patch Blue Raspberry 16oz
1 : 810028293328 : Ghost Sour Patch Red Berry 16oz
1 : 810028298958 : Ghost Cherry Limeade 16oz
1 : 810085812197 : Ghost Orange Cream 16oz
1 : 810028293335 : Ghost Tropical Mango 16oz
1 : 810128520058 : Ghost Pink Lemonade 16oz
1 : 810085819103 : Ghost Faze Pop 16oz
1 : 810085812210 : Ghost Warhead Sour Apple 16oz
1 : 810028293342 : Ghost Warhead Watermelon 16oz
1 : 810028297753 : Ghost Swedish Fish 16oz
8 : 611269423754 : Red Bull Sugar Free 12oz
3 : 611269615050 : Red Bull Total Zero 12oz
22 : 611269917475 : Red Bull 12oz
3 : 611269001730 : Red Bull Winter 12oz
2 : 611269115482 : Red Bull Yellow 12oz
2 : 611269453560 : Red Bull Watermelon 12oz
2 : 611269001020 : Red Bull Dragon Fruit 12oz
2 : 611269001303 : Red Bull Strawberry Apricot 12oz
3 : 611269001655 : Red Bull Juneberry 12oz
3 : 611269283112 : Red Bull Peach 12oz
3 : 611269182545 : Red Bull Blue 12oz
2 : 611269321210 : Red Bull Coconut 12oz
9 : 611269122114 : Red Bull Sugar Free 8.4oz
3 : 611269615043 : Red Bull Total Zero 8.4oz
10 : 611269991246 : Red Bull 8.4oz
1 : 611269357059 : Red Bull 8.4oz 4-pk
2 : 611269001723 : Red Bull Winter 8oz
2 : 611269281620 : Red Bull Yellow 8.4oz
2 : 611269331240 : Red Bull Watermelon 8.4oz
1 : 611269000986 : Red Bull Dragon Fruit 8.4oz
1 : 611269001280 : Red Bull Strawberry Apricot 8.4oz
1 : 611269001631 : Red Bull Juneberry 8.4oz
1 : 611269333596 : Red Bull Peach 8.4oz
1 : 611269235692 : Red Bull Blue 8.4oz
1 : 611269281613 : Red Bull Coconut 8.4oz
3 : 611269546231 : Red Bull 16oz
2 : 611269546248 : Red Bull Sugar Free 16oz
3 : 611269134551 : Red Bull 20oz
2 : 611269134568 : Red Bull Sugar Free 20oz
3 : 070847892366 : Monster Energy 19.2oz
3 : 070847892526 : Monster Zero Ultra 19.2oz
2 : 070847892397 : Monster Mango Loco 19.2oz
2 : 070847892557 : Monster Rehab 18.6oz
4 : 070847000044 : Monster Zero Sugar 16oz
2 : 070847810261 : Monster Lo-Carb 16oz
2 : 070847037767 : Monster Nitro Super Dry 16oz
12 : 070847810162 : Monster Energy 16oz
3 : 070847891864 : Monster Ultra Strawberry 16oz
2 : 070847000303 : Monster Energy 12oz
2 : 070847037545 : Monster Zero Ultra 12oz
1 : 070847896227 : Monster Ultra Ruby Red 12oz
1 : 070847895305 : Monster Ultra Sunrise 12oz
1 : 070847891840 : Monster Ultra Strawberry 12oz
6 : 070847012481 : Monster Zero Ultra 16oz
2 : 070847896197 : Monster Ultra Ruby Red 16oz
2 : 070847020912 : Monster Ultra Sunrise 16oz
2 : 070847029427 : Monster Ultra Peachy Keen 16oz
2 : 070847027355 : Monster Ultra Violet 16oz
2 : 070847033097 : Monster Ultra Paradise 16oz
2 : 070847037996 : Monster Ultra Watermelon 16oz
2 : 070847034636 : Monster Ultra Fiesta Mango 16oz
2 : 070847003236 : Monster Rehab 15.5oz
2 : 070847021537 : Monster Rehab Peach 15.5oz
2 : 070847896685 : Monster Rehab Green 15.5oz
2 : 070847896289 : Monster Reserve Peach Cream 16oz
2 : 070847890812 : Monster Reserve Orange Dream 16oz
2 : 070847029007 : Monster Mango Loco 16oz
2 : 070847896166 : Monster Rio Punch 16oz
2 : 070847022916 : Monster Pipeline Punch 16oz
2 : 070847031901 : Monster Pacific Punch 16oz
2 : 070847028185 : Monster Aussie Lemonade 16oz
4 : 815154020015 : NOS Energy 16oz
1 : 815154025928 : NOS Zero 16oz
2 : 815154020107 : NOS Grape 16oz
2 : 815154020190 : Full Throttle 16oz
1 : 815154020244 : Full Throttle Blue Demon 16oz
4 : 070847810247 : Monster Energy 24oz
3 : 070847017714 : Monster Zero Ultra 24oz
2 : 815154020084 : NOS Energy 24oz
1 : 842595126938 : C4 Smart Strawberry Guava 12oz
1 : 842595119909 : C4 Smart Cherryberry Lime 12oz
1 : 842595106626 : C4 Ultra Arctic Snow Cone 16oz
1 : 842595121667 : C4 Ultra Fruit Punch 16oz
2 : 842595127720 : C4 Ultra Orange Cream 16oz
2 : 842595129656 : C4 Ultra Ruthless Raspberry 16oz
1 : 842595129649 : C4 Ultra Berry Powerbomb 16oz
1 : 842595127713 : C4 Ultra WW Freedom Ice 16oz
1 : 842595121759 : C4 Starburst Strawberry 16oz
1 : 842595121766 : C4 Skittles 16oz
1 : 842595106596 : C4 Frozen Bombsicle 16oz
1 : 842595111095 : C4 Midnight Cherry 16oz
1 : 842595131260 : C4 Cherry Popsicle 16oz
1 : 842595131284 : C4 Grape Popsicle 16oz
1 : 842595131307 : C4 Hawaiian Pineapple 16oz
1 : 842595106572 : C4 Watermelon 16oz
1 : 842595109368 : C4 Orange Slice 16oz
1 : 842595126242 : C4 WW Mango Foxtrot 16oz
2 : 748927060623 : Amino Grape 12oz
2 : 748927060630 : Amino Blueberry Lemonade 12oz
1 : 748927068261 : Amino Berry Burst 12oz
1 : 748927066007 : Amino Orange 12oz
1 : 748927062733 : Amino Cherry 12oz
1 : 748927062740 : Amino Mango 12oz
1 : 748927060609 : Amino Strawberry 12oz
1 : 748927063488 : Amino Peach 12oz
1 : 748927060616 : Amino Watermelon 12oz
1 : 610764863812 : Bang Peach Mango
1 : 610764863638 : Bang Blue Razz
1 : 610764826176 : Bang Purple Haze
1 : 610764863775 : Bang Black Cherry Vanilla
1 : 610764863652 : Bang Star Blast
1 : 610764000316 : Bang Cotton Candy
1 : 610764028495 : Bang Strawberry
1 : 610764863430 : Bang Sour Head
1 : 610764024282 : Bang Radical Skadattle
1 : 610764030054 : Bang Watermelon
2 : 815154021913 : Reign Orange Dreamsicle 16oz
2 : 815154024839 : Reign Tropical Storm 16oz
2 : 815154025980 : Reign Sour Gummy Worm 16oz
1 : 815154021418 : Reign Rainbow Sherbet 16oz
1 : 815154023276 : Reign White Gummy Bear 16oz
1 : 815154021678 : Reign Razzle Berry 16oz
1 : 815154023412 : Reign Cherry Limeaid 16oz
1 : 815154025522 : Reign Storm Kiwi 12oz
1 : 815154025492 : Reign Storm Grape 12oz
1 : 815154025478 : Reign Storm Orange 12oz
1 : 815154026154 : Reign Storm Guava Straw 12oz
1 : 815154026123 : Reign Storm Citrus 12oz
1 : 850041914169 : Ryse Kool-Aid
1 : 854050008826 : Ryse Sunny D
1 : 085405000886 : Ryse Ring Pop
1 : 850041914268 : Ryse Country Time Lemonade
1 : 085405000884 : Ryse Baja Burst
1 : 810030518089 : Alani Cherry Twist 12oz
1 : 810030513728 : Alani Juicy Peach 12oz
1 : 810030513100 : Alani Cherry Slush 12oz
1 : 810030513117 : Alani Cosmic Star 12oz
1 : 842885098211 : Xyience Cherry Lime
1 : 842885098716 : Xyience Mango Guava
1 : 842885097153 : Xyience Frostberry Blast
1 : 842885098631 : Xyience Blue Pom
1 : 842885000078 : Xyience Fuji Apple
1 : 842885097869 : Xyience Fruit Punch
1 : 846767002662 : QT Energy 16oz
1 : 846767002709 : QT Energy Blue 16oz
1 : 846767002723 : QT Energy Ultra Zero 16oz
1 : 061500012555 : Rooster Booster 16oz
1 : 061500011460 : Rooster Booster Lite 16oz
1 : 850040516517 : 1Phorm Scrmin' Freedom 16oz
1 : 850036648833 : 1Phorm Blue Razz 16oz
1 : 850036648765 : 1Phorm Citrus 16oz
1 : 850036648796 : 1Phorm OG Sunrise 16oz
1 : 850040516531 : 1Phorm Tropical Lightning 16oz
1 : 811374037369 : Bucked Up Miami 16oz
1 : 811374035372 : Bucked Up Rocket Pop 16oz
1 : 811374035310 : Bucked Up Blood Raz 16oz
1 : 811374039707 : Bucked Up White Gummy 16oz
2 : 818094005807 : Rockstar Zero Silver Ice 16oz
1 : 818094005814 : Rockstar Zero Punched 16oz
1 : 818094005753 : Rockstar Sugar Free 16oz
1 : 818094009980 : Rockstar Zero Strawberry Peach 16oz
1 : 012000220920 : Rockstar Strawberry Peach 16oz
1 : 876063811705 : Gatorade Twitch Strawberry
1 : 876063811910 : Gatorade Twitch Cool Blue
2 : 012000016431 : Mountain Dew AMP 16oz
2 : 818094005777 : Rockstar Energy 16oz
2 : 818094005746 : Rockstar Punched 16oz
1 : 818094005791 : Rockstar Recovery Orange 16oz
1 : 818094005784 : Rockstar Recovery 16oz
2 : 889392021394 : Celsius Tropical Vibe 12oz
2 : 889392010190 : Celsius Peach Vibe 12oz
2 : 889392021417 : Celsius Arctic Vibe 12oz
2 : 889392000597 : Celsius Fantasy Vibe 12oz
1 : 889392010022 : Celsius Green Tea Raspberry Asai 12oz
1 : 889392010145 : Celsius Kiwi Guava 12oz
1 : 889392021455 : Celsius Strawberry Lemon 12oz
3 : 889392003628 : Celsius Watermelon 12oz
2 : 889392010015 : Celsius Green Tea Peach Mango 12oz
2 : 889392000313 : Celsius Orange 12oz
2 : 889392000917 : Celsius Grape Rush 12oz
2 : 889392000757 : Celsius Lemon Lime 12oz
2 : 889392010176 : Celsius Fuji Apple Pear 12oz
2 : 889392000320 : Celsius Wild Berry 12oz
2 : 889393021318 : Celsius Strawberry Guava 12oz
1 : 850000429298 : Nocco Juicy Breeze
1 : 850000429120 : Nocco Caribbean
1 : 850000429137 : Nocco Tropical
1 : 850000429182 : Nocco Miami
1 : 850000429274 : Nocco Blood Orange
1 : 810014530680 : Ashock Accelerator RockPop 12oz
1 : 810014530734 : Ashock Accelerator Cherry IcePop 12oz
1 : 810014530475 : Ashock Accelerator Island Guava 12oz
1 : 810014530314 : Ashock Accelerator Peach Paradise 12oz
1 : 810014530710 : Ashock Accelerator Tropical Punch 12oz
1 : 810014530499 : Ashock Accelerator Cherry Lime 12oz
1 : 810014530543 : Ashock Accelerator Berry Lemonade 12oz
1 : 810014530635 : Ashock Tropical Punch 16oz
1 : 810014530345 : Ashock Blue Raspberry 16oz
1 : 810014530369 : Ashock Orange Freeze 16oz
2 : 070847831037 : Java Monster Mean Bean 15oz
2 : 070847831068 : Java Monster Loca Mocha 15oz
2 : 070847831013 : Java Monster Irish Blend 15oz
2 : 070847024033 : Java Monster Salted Caramel 15oz
2 : 070847892007 : Java Monster Café Latte 15oz
2 : 049000550740 : Dunkin' Brownie Batter 11oz
1 : 049000550764 : Dunkin' Cake Batter 11oz
1 : 810019268229 : Black Rifle 300 Mocha 15oz
1 : 810019268243 : Black Rifle 300 Caramel Vanilla 15oz
1 : 810119703347 : Black Rifle 300 Vanilla Bomb 15oz
1 : 810019263224 : Black Rifle Mocha 11oz
1 : 810019263231 : Black Rifle Cream 11oz
1 : 070847034797 : Java Monster 300 Mocha 15oz
1 : 070847035114 : Java Monster 300 Vanilla 15oz
2 : 049000172386 : Dunkin' Donuts Mocha 13.7oz
1 : 049000172393 : Dunkin' Donuts Vanilla 13.7oz
1 : 049000553628 : Dunkin' Donuts Caramel 13.7oz
1 : 049000072372 : Dunkin' Donuts Original 13.7oz
2 : 865891000150 : Super Coffee Mocha 12oz
1 : 865891000139 : Super Coffee Vanilla 12oz
1 : 850007042223 : Super Coffee Caramel 12oz
1 : 865891000122 : Super Coffee Hazelnut 12oz
2 : 012000038488 : Starbucks White Chocolate 15oz
1 : 012000028472 : Starbucks Coffee 15oz
1 : 012000181290 : Starbucks TS Mocha 15oz
1 : 012000181313 : Starbucks TS Vanilla 15oz
1 : 049000549515 : Costa Latte Mocha
1 : 049000549539 : Costa Latte Caramel
1 : 036632075000 : Int. Delight Caramel 15oz
1 : 036632075011 : Int. Delight Oreo 15oz
1 : 036632079798 : Int. Delight Reese's 15oz
2 : 012000001802 : Starbucks Frap Coffee 13.7oz
2 : 012000016721 : Starbucks Frap Caramel 13.7oz
2 : 012000028458 : Starbucks Mocha 15oz
2 : 012000028496 : Starbucks Vanilla 15oz
2 : 012000001772 : Starbucks DS 6.5oz
2 : 012000151095 : Starbucks Frap White Choc 13.7oz
4 : 012000004520 : Starbucks Frap Mocha 13.7oz
4 : 012000813313 : Starbucks Frap Vanilla 13.7oz
2 : 052000324815 : Gatorade Cool Blue 20oz
1 : 052000328660 : Gatorade Fruit Punch 20oz
1 : 052000328684 : Gatorade Lemon Lime 20oz
1 : 052000328677 : Gatorade Orange 20oz
1 : 052000324860 : Gatorade Glacier Freeze 20oz
1 : 052000102475 : Gatorade Glacier Cherry 20oz
1 : 052000043549 : Gatorade Glacier Freeze Zero 20oz
1 : 052000042146 : Gatorade Glacier Cherry Zero 20oz
1 : 052000047905 : Gatorlyte Orange 20oz
1 : 052000047912 : Gatorlyte Strawberry Kiwi 20oz
1 : 052000049005 : Gatorlyte Cherry Lime 20oz
1 : 052000054993 : Gatorlyte Glacier Freeze 20oz
1 : 052000050827 : Gatorlyte Mix Berry 20oz
1 : 052000052869 : Gatorlyte Lemon Lime 20oz
1 : 052000055006 : Gatorlyte Fruit Punch 20oz
1 : 052000051572 : Gadorade Gfit Water/Straw 16.9oz
1 : 052000051534 : Gadorade Gfit Tropical Mango 16.9oz
2 : 052000047042 : Gatorade Cool Blue Zero 28oz
1 : 052000042310 : Gatorade Lemon Lime Zero 28oz
1 : 052000042320 : Gatorade Orange Zero 28oz
1 : 052000043143 : Gatorade Berry Zero 28oz
1 : 052000042344 : Gatorade Glacier Cherry Zero 28oz
1 : 052000041415 : Gatorade Glacier Freeze Zero 28oz
1 : 052000043270 : Gatorade Grape Zero 28oz
4 : 052000135176 : Gatorade Cool Blue 28oz
4 : 052000135138 : Gatorade Fruit Punch 28oz
4 : 052000135152 : Gatorade Lemon Lime 28oz
4 : 052000135145 : Gatorade Orange 28oz
3 : 052000135190 : Gatorade Glacier Freeze 28oz
3 : 052000102413 : Gatorade Glacier Cherry 28oz
2 : 052000010296 : Gatorade Arctic Blitz 28oz
3 : 052000135166 : Gatorade Fierce Grape 28oz
3 : 052000135084 : Gatorade Cucumber Lime 28oz
2 : 052000104103 : Gatorade Blue Cherry 28oz
3 : 052000241235 : Gatorade Cool Blue 24oz
2 : 052000241211 : Gatorade Fruit Punch 24oz
2 : 052000241204 : Gatorade Lemon Lime 24oz
2 : 052000103677 : Gatorade Glacier Cherry 24oz
2 : 786162101068 : Vitamin Water Energy 20oz
2 : 786162301116 : Vitamin Water Power C 20oz
2 : 786162301154 : Vitamin Water XXX 20oz
2 : 786162204854 : Vitamin Water Refresh 20oz
1 : 786162101075 : Vitamin Water Essential 20oz
2 : 786162202963 : Vitamin Water XXX Zero 20oz
2 : 786162140757 : Vitamin Water Gutzy Zero 20oz
1 : 786162411358 : Vitamin Water Forever Zero 20oz
2 : 049000407907 : Powerade Mountain Blast 20oz
2 : 049000403718 : Powerade Fruit Punch 20oz
2 : 049000179354 : Powerade Mountain Blast 28oz
2 : 049000179385 : Powerade Fruit Punch 28oz
2 : 049000179408 : Powerade Grape 28oz
2 : 049000179378 : Powerade Lemon Lime 28oz
2 : 049000554458 : Powerade Island Burst 28oz
2 : 049000179361 : Powerade Orange 28oz
1 : 049000179392 : Powerade Strawberry Lemon 28oz
1 : 049000179323 : Powerade Mixed Berry Zero 28oz
1 : 049000554182 : Powerade Strawberry Smash Zero 28oz
1 : 049000179316 : Powerade Grape Zero 28oz
1 : 810113830582 : Body Armor Flash Straw/Kiwi 20oz
1 : 810113830605 : Body Armor Flash Tropical 20oz
1 : 810113830607 : Body Armor Flash Grape 20oz
1 : 810113830698 : Body Armor Flash Orange 20oz
2 : 858176002034 : Body Armor Straw Banana 16oz
2 : 858176002027 : Body Armor Orange Mango 16oz
1 : 858176002041 : Body Armor Fruit Punch 16oz
1 : 810113831336 : Body Armor Lemon Lime Lt 28oz
1 : 810113831398 : Body Armor Fruit Punch Zero 28oz
1 : 810113831435 : Body Armor Orange Zero 28oz
1 : 858176002850 : Body Armor Peach Mango Lt 28oz
2 : 858176002355 : Body Armor Straw Banana 28oz
2 : 858176002362 : Body Armor Fruit Punch 28oz
2 : 858176002348 : Body Armor Orange Mango 28oz
1 : 810113830339 : Body Armor Passionfruit 28oz
1 : 810113830247 : Body Armor Cherry Lime 28oz
1 : 858176002553 : Body Armor Tropical Punch 28oz
1 : 850009942296 : Body Armor Strawberry Grape 28oz
1 : 850009942449 : Body Armor Blue Raspberry 28oz
1 : 858176002379 : Body Armor Blackout Berry 28oz
2 : 786162001320 : Vitamin Water XXX 32oz
2 : 786162004929 : Vitamin Water Refresh 32oz
2 : 786162001207 : Vitamin Water Power C 32oz
2 : 786162001160 : Vitamin Water Energy 32oz
3 : 887725000450 : Electrolite Fruit Punch
2 : 887725000006 : Electrolite Grape
2 : 887725000054 : Electrolite Orange
2 : 887725000863 : Electrolite Zero Berry Blast
1 : 867693000218 : Bio Lite Citrus
1 : 867693000256 : Bio Lite Berry
1 : 867693000270 : Bio Lite Tropical
2 : 887725000252 : Electrolite Straw/Kiwi
2 : 887725001303 : Electrolite Blue Raspberry
2 : 887725000047 : Electrolite Coconut
3 : 852789008346 : Zen Water 16.9oz
2 : 052000707786 : Propel Kiwi Strawberry 20oz
1 : 052000013580 : Propel Watermelon 20oz
1 : 052000041538 : Propel Strawberry Lemon 20oz
1 : 052000047493 : Propel Immunity Orange/Rasp 20oz
1 : 012000001598 : Aquafina 20oz
2 : 852789008519 : Zen Water 23.7oz
2 : 853004004150 : Core Sports 24oz
3 : 858176002218 : Body Armor Water 700mL
2 : 657227012240 : Essentia 700mL
3 : 852789008094 : Zen Water 33.8oz
3 : 853158004068 : Alkaline 88 1L
3 : 853004004037 : Core 30.4oz
4 : 858176002225 : Body Armor Water 1L
4 : 657227012103 : Essentia 1L
2 : 852789008537 : Zen Water 50.7oz
2 : 853158004259 : Alkaline 88 1.5L
1 : 810113830346 : Body Armor Water 1.5L
2 : 657227012158 : Essentia 1.5L
1 : 071537060300 : Polar Seltzer Rasp Lime 20oz
1 : 071537060348 : Polar Seltzer Lemon 20oz
1 : 071537060287 : Polar Seltzer Black Cherry 20oz
2 : 068274351938 : Splash Fizz Lemonade
2 : 068274351860 : Splash Fizz Blood Orange
2 : 068274351891 : Splash Fizz Raspberry/Blackberry
1 : 810132860062 : Recover 180 Fruit Punch
1 : 810132860024 : Recover 180 Peach Mango
1 : 810132860055 : Recover 180 Super Berry
1 : 810132860000 : Recover 180 Lemon Lime
1 : 810132860048 : Recover 180 Watermelon
1 : 810116121557 : Prime Lemonade
1 : 085004042708 : Prime Ice Pop
1 : 085000356045 : Prime Blue Razz
1 : 810116123452 : Prime Cherry Freeze
2 : 021136181395 : Topo Chico Sabores Blue/Hyb 12oz
2 : 021136181401 : Topo Chico Sabores Lime Mint 12oz
1 : 021136181418 : Topo Chico Sabores Tan/Gin 12oz
2 : 012000190872 : Bubbly Grapefuit
2 : 012000190896 : Bubbly Cherry
1 : 012000190889 : Bubbly Lime
1 : 850031700079 : Liquid Death Mountain Water 19oz
1 : 850031700185 : Liquid Death Sparkling Water 19oz
1 : 850031700215 : Liquid Death Berry Alive 19oz
1 : 850031700222 : Liquid Death Sev'rd Lime 19oz
1 : 850031700208 : Liquid Death Mango Chainsaw 19oz
1 : 850031700246 : Liquid Death Convict Melon 19oz
2 : 070847892755 : Monster Tour Wellwater 19.2oz
2 : 070847892779 : Monster Tour Sparkling Water 19.2oz
1 : 068274443121 : Nestle Pure Life 20oz
2 : 071142078592 : Arrowhead 20oz
2 : 027541009828 : Niagra 20oz
2 : 071142041268 : Arrowhead .5L
2 : 027541001235 : Niagra .5L
3 : 070960951612 : Saratoga Sparkling 16oz
3 : 068274543340 : Nestle Pure Life 700mL
3 : 071142000029 : Arrowhead 700mL
2 : 068274611995 : Nestle Pure Life 1L
2 : 071142000005 : Arrowhead 1L
2 : 027541001242 : Niagra 1L
2 : 070478970013 : AC+ION 1L
2 : 070960951605 : Saratoga Spring 28oz
5 : 071142000159 : Arrowhead 1.5L
3 : 893919001318 : Icelandic 1L
2 : 856652006040 : Waiakea 1L
2 : 856652006194 : Waiakea 700mL
2 : 632565000050 : Fiji 1L
3 : 786162001528 : Smart Water 700mL
1 : 786162006134 : Smart Water Cucumber 700mL
1 : 786162006233 : Smart Water Strawberry 700mL
2 : 012000161162 : Life Water 700mL
2 : 012000171635 : Life Water 20oz
2 : 786162001443 : Smart Water 20oz
1 : 786162411396 : Smart Water Alkaline 20oz
5 : 786162023124 : Smart Water 1L
2 : 786162411167 : Smart Water Alkaline 1L
2 : 022000161155 : Life Water 1L
6 : 049000526561 : Dasani 1L
2 : 049000409772 : Dasani 20oz
6 : 012000001574 : Aquafina 1L
2 : 853004004020 : Core 20oz
2 : 786162043122 : Smart Water 1.5L
2 : 786162411150 : Smart Water Alkaline 1.5L
2 : 853004004891 : Core 1.3L
1 : 632565000067 : Fiji 1.5L
2 : 076183323564 : Snapple Peach Tea 32oz
2 : 076183328507 : Snapple Apple 32oz
2 : 076183323632 : Snapple Kiwi/Strawberry 32oz
2 : 076183323649 : Snapple Mango Madness 32oz
2 : 076282000113 : Qtea Unsweet Peach Mango
1 : 076282000120 : Qtea Zero Cal
1 : 076282000083 : Qtea Sweet w/Lemon
1 : 076282000090 : Qtea Lemonade
1 : 076282000106 : Qtea Sweet w/Raspberry
1 : 076282000076 : Qtea Black w/Mango
1 : 076282000137 : Qtea Black Sweet
1 : 047900361213 : Luzianne Sweet Tea
1 : 047900361251 : Luzianne Peach Tea
1 : 850031700260 : Liquid Death Arnold Palmer
1 : 850031700277 : Liquid Death Peach
1 : 850031700253 : Liquid Death Grim Leaf
2 : 016571953836 : Sparkling Ice Blue Raspberry
2 : 016571952853 : Sparkling Ice Straw Citrus
1 : 016571953850 : Sparkling Ice Black Raspberry
1 : 016571955151 : Sparkling Ice Cherry Vanilla
1 : 016571952846 : Sparkling Ice Tropical Punch
3 : 083900105754 : Gold Peak Sweet
2 : 083900105778 : Gold Peak Unsweet
2 : 083900105976 : Gold Peak Green
2 : 049000167931 : Gold Peak Peach
1 : 613008763343 : Arizona Green
1 : 613008763398 : Arizona Watermelon
1 : 613008763381 : Arizona Mango
1 : 613008763411 : Arizona Arnold Palmer
1 : 613008763350 : Arizona Sweet Tea
2 : 049000170481 : Peace Razzleberry
1 : 049000170429 : Peace Caddy Shack
1 : 049000170436 : Peace Peachy
2 : 012000286193 : Pure Leaf Sweet
2 : 012000286179 : Pure Leaf Extra Sweet
1 : 012000286209 : Pure Leaf Unsweet
1 : 012000286186 : Pure Leaf Lemon
1 : 012000012754 : Lipton Green Citrus
1 : 012000112232 : Lipton Peach
1 : 012000012785 : Lipton Green Citrus Dt
1 : 076183003114 : Snapple Peach 16oz
1 : 076183003107 : Snapple Kiwi/Strawberry 16oz
1 : 076183003138 : Snapple Fruit Punch 16oz
2 : 090478230672 : Jarritos Mineragua
1 : 090478230047 : Jarritos Sangria
1 : 090478230078 : Jarritos Mundel Apple
1 : 090478210445 : Jarritos Manderin
1 : 090478210575 : Jarritos Strawberry
1 : 090478410043 : Jarrritos Pineapple
2 : 012000031878 : Brisk Sweet
2 : 012000161230 : Brisk Strawberry Melon
2 : 012000024528 : Brisk Raspberry
1 : 012000034022 : Brisk Green w/Peach
1 : 012000202384 : Brisk Sweet w/Lemon
2 : 012000110467 : Kickstart Fruit Punch 16oz
1 : 012000110443 : Kickstart Orange Citrus 16oz
2 : 012000180323 : Kickstart Pin/Orange/Mango 16oz
2 : 012000211980 : Pepsi Nitro Cola
1 : 012000211997 : Pepsi Nitro Vanilla Cola
1 : 012000030284 : Pepsi 16oz
1 : 012000027215 : Mountain Dew 16oz
3 : 012000001291 : Pepsi 20oz
2 : 012000005596 : Pepsi Wild Cherry 20oz
2 : 012000018800 : Pepsi Zero 20oz
2 : 012000171741 : Pepsi Diet 20oz
3 : 012000001314 : Mountain Dew 20oz
2 : 012000191435 : Mountain Dew Zero 20oz
2 : 012000211706 : Mountain Dew Spark 20oz
1 : 012000221514 : Pepsi Starry 20oz
1 : 012000221521 : Pepsi Starry Zero 20oz
3 : 012000001345 : Mountain Dew Diet 20oz
1 : 012000130274 : Mountain Dew Baja Blast 20oz
1 : 012000183386 : Mountain Dew Baja Zero 20oz
1 : 012000204951 : Mountain Dew Major Melon 20oz
1 : 012000002243 : Mountain Dew Code Red 20oz
1 : 012000028625 : Mountain Dew Voltage 20oz
1 : 012000811319 : Mountain Dew Live Wire 20oz
5 : 078000082401 : Dr Pepper 20oz
2 : 078000083408 : Dr Pepper Diet 20oz
2 : 078000035308 : Dr Pepper Zero 20oz
2 : 078000037678 : Dr Pepper Straw/Cream 20oz
2 : 078000033519 : Dr Pepper Cream 20oz
1 : 078000098402 : Dr Pepper Cherry 20oz
1 : 078000013283 : Crush Orange 20oz
1 : 078000013528 : Crush Grape 20oz
1 : 078000016406 : Squirt 20oz
1 : 050800000212 : Squirt Ruby Red 20oz
1 : 078000001617 : 7-Up 20oz
1 : 078000001624 : 7-Up Zero 20oz
1 : 071817000378 : Big Red 20oz
1 : 078000152401 : Canada Dry 20oz
1 : 078000052404 : A&W Rootbeer 20oz
1 : 078000053401 : A&W Rootbeer Zero 20oz
1 : 078000054408 : A&W Cream Soda 20oz
1 : 078000206401 : Schweppes 20oz
1 : 078000035209 : Sunkist Berry Lemonade 20oz
2 : 012000002946 : Pepsi 1L
2 : 012000002977 : Mountain Dew 1L
1 : 012000003189 : Mountain Dew Diet 1L
1 : 078000016451 : Squirt 1L
1 : 078000082456 : Dr Pepper 1L
1 : 078000083453 : Dr Pepper Diet 1L
1 : 049000177855 : Coke 12oz Slim
1 : 049000177831 : Coke Zero 12oz Slim
1 : 049000555240 : Coke Spiced 12oz Slim
1 : 049000555370 : Coke Spiced Zero 12oz Slim
2 : 049000153415 : Coke 16oz
1 : 049000053746 : Fanta Orange 16oz
1 : 049000153439 : Sprite 16oz
2 : 078000005868 : Dr Pepper 16oz
9 : 049000400441 : Coke 20oz
3 : 049000018011 : Coke Cherry 20oz
3 : 049000031171 : Coke Vanilla 20oz
3 : 049000147544 : Coke Cherry Zero 20oz
3 : 049000400458 : Coke Diet 20oz
2 : 049000555196 : Coke Spiced 20oz
1 : 049000555424 : Coke Spiced Zero 20oz
3 : 049000140866 : Coke Zero 20oz
7 : 049000407648 : Sprite 20oz
2 : 049000178722 : Sprite Lymeade 20oz
3 : 049000137194 : Sprite Zero 20oz
3 : 025000058011 : Minute Made Lemonade 20oz
3 : 025000119996 : Minute Made Blue Raspberry 20oz
2 : 049000419160 : Fanta Orange 20oz
2 : 049000026207 : Fanta Strawberry 20oz
2 : 049000028201 : Fanta Pineapple 20oz
2 : 049000141436 : Fanta Orange Zero 20oz
1 : 049000023923 : Barq's Rootbeer 20oz
3 : 049000405224 : Coke 1L
3 : 049000405248 : Coke Diet 1L
2 : 049000023190 : Sprite 1L
1 : 052000328677 : Gatorade Orange 20oz
1 : 049000072372 : Dunkin' Donuts Original 13.7oz
1 : 865891000122 : Super Coffee Hazelnut 12oz
3 : 852789008346 : Zen Water 16.9oz

Generation of barcode images is complete!

Adding UPC barcodes to labels PDF:
2 | 811620020428 | Fairlife Chocolate 14oz
2 | 811620020435 | Fairlife Strawberry 14oz
1 | 811620020886 | Fairlife 2% White 14oz
2 | 072350000115 | Yoo-Hoo Chocolate 15.5oz
1 | 014800511758 | Clamato Juice 16oz
1 | 050000328420 | Coffee Mate French Vanilla 16oz
3 | 026400700005 | Darigold Chocolate 14oz
3 | 026400700036 | Darigold Strawberry 14oz
2 | 026400700081 | Darigold Whole 14oz
2 | 026400700104 | Darigold 2% 14oz
2 | 028000948733 | Nesquik Chocolate
1 | 028000948863 | Nesquik Strawberry
1 | 028000950446 | Nesquik Banana Strawberry
1 | 028000950385 | Nesquik Fudge Brownie
1 | 028000962531 | Nesquik Vanilla
1 | 028000358457 | Nesquik Protein Strawberry
1 | 028000276393 | Nesquik Protein Chocolate
1 | 025293004337 | Silk Almond Vanilla
1 | 025293004320 | Silk Almond Dark Chocolate
2 | 811620020640 | Core Power Elite Chocolate
2 | 811620021470 | Core Power Elite Strawberry
2 | 811620020664 | Core Power Elite Vanilla
2 | 811620022002 | Core Power 26g Chocolate
1 | 811620022033 | Core Power 26g Strawberry
1 | 811620022019 | Core Power 26g Vanilla
1 | 710779770492 | Lean Body Cookies & Cream
1 | 710779770478 | Lean Body Chocolate
1 | 710779770461 | Lean Body Vanilla
1 | 710779770485 | Lean Body Salted Caramel
2 | 876063002806 | Muscle Milk Pro Chocolate
1 | 876063002813 | Muscle Milk Pro Vanilla
1 | 052000051179 | Muscle Milk Pro PB Chocolate
1 | 876063007160 | Muscle Milk Pro Strawberry
1 | 876063002011 | Muscle Milk Chocolate
4 | 853158004006 | Alkaline 88 Gallon
4 | 855891006545 | Cforce Gallon
4 | 071142000050 | Arrowhead Gallon
2 | 898999010229 | Vita Coco Water 17oz
1 | 898999011240 | Vita Coco Pressed 17oz
1 | 899407013009 | Nero Sonic Super Fusion
1 | 899407015010 | Nero Sleep Mellow Mango
1 | 899407014013 | Nero Bliss White Raspberry
1 | 812475011227 | Aloe Original
1 | 812475011296 | Aloe Watermelon
1 | 812475011302 | Aloe Apple Crisp
1 | 812475011258 | Aloe Mangosteen
1 | 082592720153 | Naked Green Machine
1 | 082592727152 | Naked Blue Machine
1 | 082592660152 | Naked Mighty Mango
1 | 082592988157 | Naked Berry Blast
1 | 082592194152 | Naked Strawberry Banana
1 | 722430110110 | Kombucha Triology
1 | 722430710112 | Kombucha Lemon Berry
1 | 722430200118 | Kombucha Gingerade
1 | 098100100096 | Starbucks Pink
1 | 098100100119 | Starbucks Tropical
1 | 051000275622 | V-8 Original 11.5oz
1 | 051000276230 | V-8 Sparkling Strawberry Kiwi 11.5oz
1 | 051000276339 | V-8 Sparkling Orange Pineapple 11.5oz
1 | 051000272942 | V-8 Energy Pom Blueberry 11.5oz
1 | 051000272935 | V-8 Energy Peach Mango 11.5oz
2 | 025000131370 | Minute Made Agua Frescas Strawberry
2 | 025000131394 | Minute Made Agua Frescas Mango
1 | 025000131356 | Minute Made Agua Frescas Hibiscus
3 | 025000062193 | Minute Made Orange Juice
3 | 025000061523 | Minute Made Apple Juice
2 | 025000054075 | Minute Made Cran Apple Rasp
2 | 025000052194 | Minute Made Cran/Grape
1 | 025000010699 | Simply Orange 11.5oz
1 | 025000100697 | Simply Fruit Punch 11.5oz
1 | 025000010576 | Simply Apple 11.5oz
1 | 025000000300 | Simply Cranberry 11.5oz
1 | 025000010682 | Simply Lemonade 11.5oz
1 | 025000010637 | Simply Orange Mango 11.5oz
1 | 025000010675 | Simply Raspberry Lemonade 11.5oz
1 | 025000040191 | Simply Smoothie Orchard Berry
1 | 025000000735 | Simply Smoothie Strawberry Banana
1 | 025000040153 | Simply Smoothie Mango Pineapple
2 | 048500017753 | Tropicana OJ No Pulp
1 | 048500017777 | Tropicana OJ Some Pulp
1 | 048500017760 | Tropicana OJ Calcium
1 | 048500018668 | Tropicana Lemonade
1 | 048500205129 | Tropicana Lemonade Zero
1 | 048500205112 | Tropicana Punch Zero
1 | 012000071751 | Dole Apple Juice
1 | 012000021381 | OS Cran/Grape
1 | 012000021367 | OS Cranberry Cocktail
1 | 883990661204 | Good2Grow Apple Juice
1 | 883990651205 | Good2Grow Fruit Punch
1 | 883990661242 | Good2Grow Strawberry Kiwi
1 | 883990661259 | Good2Grow Tropical Melody
1 | 883990681219 | Good2Grow Fruit Fusion
1 | 883990681202 | Good2Grow Grape
1 | 016571245757 | Sparkling Ice Kiwi Strawberry 17oz
1 | 016571245740 | Sparkling Ice Orange Mango 17oz
1 | 016571245733 | Sparkling Ice Black Raspberry17oz
1 | 016571940393 | Sparkling Ice Peach Nectarine 17oz
3 | 846767003812 | Wally Blue Raspberry
3 | 846767003850 | Wally Fruit Punch
2 | 846767003898 | Wally White Cherry
2 | 846767003836 | Wally Orange
1 | 852311004273 | Bai Molokai Coconut
1 | 813694025569 | Bai Zambia Bing Cherry
1 | 813694026337 | Bai Pineapple Mango
1 | 852311004013 | Bai Blue Berry
2 | 079581444015 | Calypso Ocean Blue
1 | 079581444039 | Calypso Southern Peach
1 | 079581444053 | Calypso Island Wave
1 | 079581444022 | Calypso Lemonade Strawberry
1 | 810028296015 | Ghost Sour Patch Blue Raspberry 16oz
1 | 810028293328 | Ghost Sour Patch Red Berry 16oz
1 | 810028298958 | Ghost Cherry Limeade 16oz
1 | 810085812197 | Ghost Orange Cream 16oz
1 | 810028293335 | Ghost Tropical Mango 16oz
1 | 810128520058 | Ghost Pink Lemonade 16oz
1 | 810085819103 | Ghost Faze Pop 16oz
1 | 810085812210 | Ghost Warhead Sour Apple 16oz
1 | 810028293342 | Ghost Warhead Watermelon 16oz
1 | 810028297753 | Ghost Swedish Fish 16oz
8 | 611269423754 | Red Bull Sugar Free 12oz
3 | 611269615050 | Red Bull Total Zero 12oz
22 | 611269917475 | Red Bull 12oz
3 | 611269001730 | Red Bull Winter 12oz
2 | 611269115482 | Red Bull Yellow 12oz
2 | 611269453560 | Red Bull Watermelon 12oz
2 | 611269001020 | Red Bull Dragon Fruit 12oz
2 | 611269001303 | Red Bull Strawberry Apricot 12oz
3 | 611269001655 | Red Bull Juneberry 12oz
3 | 611269283112 | Red Bull Peach 12oz
3 | 611269182545 | Red Bull Blue 12oz
2 | 611269321210 | Red Bull Coconut 12oz
9 | 611269122114 | Red Bull Sugar Free 8.4oz
3 | 611269615043 | Red Bull Total Zero 8.4oz
10 | 611269991246 | Red Bull 8.4oz
1 | 611269357059 | Red Bull 8.4oz 4-pk
2 | 611269001723 | Red Bull Winter 8oz
2 | 611269281620 | Red Bull Yellow 8.4oz
2 | 611269331240 | Red Bull Watermelon 8.4oz
1 | 611269000986 | Red Bull Dragon Fruit 8.4oz
1 | 611269001280 | Red Bull Strawberry Apricot 8.4oz
1 | 611269001631 | Red Bull Juneberry 8.4oz
1 | 611269333596 | Red Bull Peach 8.4oz
1 | 611269235692 | Red Bull Blue 8.4oz
1 | 611269281613 | Red Bull Coconut 8.4oz
3 | 611269546231 | Red Bull 16oz
2 | 611269546248 | Red Bull Sugar Free 16oz
3 | 611269134551 | Red Bull 20oz
2 | 611269134568 | Red Bull Sugar Free 20oz
3 | 070847892366 | Monster Energy 19.2oz
3 | 070847892526 | Monster Zero Ultra 19.2oz
2 | 070847892397 | Monster Mango Loco 19.2oz
2 | 070847892557 | Monster Rehab 18.6oz
4 | 070847000044 | Monster Zero Sugar 16oz
2 | 070847810261 | Monster Lo-Carb 16oz
2 | 070847037767 | Monster Nitro Super Dry 16oz
12 | 070847810162 | Monster Energy 16oz
3 | 070847891864 | Monster Ultra Strawberry 16oz
2 | 070847000303 | Monster Energy 12oz
2 | 070847037545 | Monster Zero Ultra 12oz
1 | 070847896227 | Monster Ultra Ruby Red 12oz
1 | 070847895305 | Monster Ultra Sunrise 12oz
1 | 070847891840 | Monster Ultra Strawberry 12oz
6 | 070847012481 | Monster Zero Ultra 16oz
2 | 070847896197 | Monster Ultra Ruby Red 16oz
2 | 070847020912 | Monster Ultra Sunrise 16oz
2 | 070847029427 | Monster Ultra Peachy Keen 16oz
2 | 070847027355 | Monster Ultra Violet 16oz
2 | 070847033097 | Monster Ultra Paradise 16oz
2 | 070847037996 | Monster Ultra Watermelon 16oz
2 | 070847034636 | Monster Ultra Fiesta Mango 16oz
2 | 070847003236 | Monster Rehab 15.5oz
2 | 070847021537 | Monster Rehab Peach 15.5oz
2 | 070847896685 | Monster Rehab Green 15.5oz
2 | 070847896289 | Monster Reserve Peach Cream 16oz
2 | 070847890812 | Monster Reserve Orange Dream 16oz
2 | 070847029007 | Monster Mango Loco 16oz
2 | 070847896166 | Monster Rio Punch 16oz
2 | 070847022916 | Monster Pipeline Punch 16oz
2 | 070847031901 | Monster Pacific Punch 16oz
2 | 070847028185 | Monster Aussie Lemonade 16oz
4 | 815154020015 | NOS Energy 16oz
1 | 815154025928 | NOS Zero 16oz
2 | 815154020107 | NOS Grape 16oz
2 | 815154020190 | Full Throttle 16oz
1 | 815154020244 | Full Throttle Blue Demon 16oz
4 | 070847810247 | Monster Energy 24oz
3 | 070847017714 | Monster Zero Ultra 24oz
2 | 815154020084 | NOS Energy 24oz
1 | 842595126938 | C4 Smart Strawberry Guava 12oz
1 | 842595119909 | C4 Smart Cherryberry Lime 12oz
1 | 842595106626 | C4 Ultra Arctic Snow Cone 16oz
1 | 842595121667 | C4 Ultra Fruit Punch 16oz
2 | 842595127720 | C4 Ultra Orange Cream 16oz
2 | 842595129656 | C4 Ultra Ruthless Raspberry 16oz
1 | 842595129649 | C4 Ultra Berry Powerbomb 16oz
1 | 842595127713 | C4 Ultra WW Freedom Ice 16oz
1 | 842595121759 | C4 Starburst Strawberry 16oz
1 | 842595121766 | C4 Skittles 16oz
1 | 842595106596 | C4 Frozen Bombsicle 16oz
1 | 842595111095 | C4 Midnight Cherry 16oz
1 | 842595131260 | C4 Cherry Popsicle 16oz
1 | 842595131284 | C4 Grape Popsicle 16oz
1 | 842595131307 | C4 Hawaiian Pineapple 16oz
1 | 842595106572 | C4 Watermelon 16oz
1 | 842595109368 | C4 Orange Slice 16oz
1 | 842595126242 | C4 WW Mango Foxtrot 16oz
2 | 748927060623 | Amino Grape 12oz
2 | 748927060630 | Amino Blueberry Lemonade 12oz
1 | 748927068261 | Amino Berry Burst 12oz
1 | 748927066007 | Amino Orange 12oz
1 | 748927062733 | Amino Cherry 12oz
1 | 748927062740 | Amino Mango 12oz
1 | 748927060609 | Amino Strawberry 12oz
1 | 748927063488 | Amino Peach 12oz
1 | 748927060616 | Amino Watermelon 12oz
1 | 610764863812 | Bang Peach Mango
1 | 610764863638 | Bang Blue Razz
1 | 610764826176 | Bang Purple Haze
1 | 610764863775 | Bang Black Cherry Vanilla
1 | 610764863652 | Bang Star Blast
1 | 610764000316 | Bang Cotton Candy
1 | 610764028495 | Bang Strawberry
1 | 610764863430 | Bang Sour Head
1 | 610764024282 | Bang Radical Skadattle
1 | 610764030054 | Bang Watermelon
2 | 815154021913 | Reign Orange Dreamsicle 16oz
2 | 815154024839 | Reign Tropical Storm 16oz
2 | 815154025980 | Reign Sour Gummy Worm 16oz
1 | 815154021418 | Reign Rainbow Sherbet 16oz
1 | 815154023276 | Reign White Gummy Bear 16oz
1 | 815154021678 | Reign Razzle Berry 16oz
1 | 815154023412 | Reign Cherry Limeaid 16oz
1 | 815154025522 | Reign Storm Kiwi 12oz
1 | 815154025492 | Reign Storm Grape 12oz
1 | 815154025478 | Reign Storm Orange 12oz
1 | 815154026154 | Reign Storm Guava Straw 12oz
1 | 815154026123 | Reign Storm Citrus 12oz
1 | 850041914169 | Ryse Kool-Aid
1 | 854050008826 | Ryse Sunny D
1 | 085405000886 | Ryse Ring Pop
1 | 850041914268 | Ryse Country Time Lemonade
1 | 085405000884 | Ryse Baja Burst
1 | 810030518089 | Alani Cherry Twist 12oz
1 | 810030513728 | Alani Juicy Peach 12oz
1 | 810030513100 | Alani Cherry Slush 12oz
1 | 810030513117 | Alani Cosmic Star 12oz
1 | 842885098211 | Xyience Cherry Lime
1 | 842885098716 | Xyience Mango Guava
1 | 842885097153 | Xyience Frostberry Blast
1 | 842885098631 | Xyience Blue Pom
1 | 842885000078 | Xyience Fuji Apple
1 | 842885097869 | Xyience Fruit Punch
1 | 846767002662 | QT Energy 16oz
1 | 846767002709 | QT Energy Blue 16oz
1 | 846767002723 | QT Energy Ultra Zero 16oz
1 | 061500012555 | Rooster Booster 16oz
1 | 061500011460 | Rooster Booster Lite 16oz
1 | 850040516517 | 1Phorm Scrmin' Freedom 16oz
1 | 850036648833 | 1Phorm Blue Razz 16oz
1 | 850036648765 | 1Phorm Citrus 16oz
1 | 850036648796 | 1Phorm OG Sunrise 16oz
1 | 850040516531 | 1Phorm Tropical Lightning 16oz
1 | 811374037369 | Bucked Up Miami 16oz
1 | 811374035372 | Bucked Up Rocket Pop 16oz
1 | 811374035310 | Bucked Up Blood Raz 16oz
1 | 811374039707 | Bucked Up White Gummy 16oz
2 | 818094005807 | Rockstar Zero Silver Ice 16oz
1 | 818094005814 | Rockstar Zero Punched 16oz
1 | 818094005753 | Rockstar Sugar Free 16oz
1 | 818094009980 | Rockstar Zero Strawberry Peach 16oz
1 | 012000220920 | Rockstar Strawberry Peach 16oz
1 | 876063811705 | Gatorade Twitch Strawberry
1 | 876063811910 | Gatorade Twitch Cool Blue
2 | 012000016431 | Mountain Dew AMP 16oz
2 | 818094005777 | Rockstar Energy 16oz
2 | 818094005746 | Rockstar Punched 16oz
1 | 818094005791 | Rockstar Recovery Orange 16oz
1 | 818094005784 | Rockstar Recovery 16oz
2 | 889392021394 | Celsius Tropical Vibe 12oz
2 | 889392010190 | Celsius Peach Vibe 12oz
2 | 889392021417 | Celsius Arctic Vibe 12oz
2 | 889392000597 | Celsius Fantasy Vibe 12oz
1 | 889392010022 | Celsius Green Tea Raspberry Asai 12oz
1 | 889392010145 | Celsius Kiwi Guava 12oz
1 | 889392021455 | Celsius Strawberry Lemon 12oz
3 | 889392003628 | Celsius Watermelon 12oz
2 | 889392010015 | Celsius Green Tea Peach Mango 12oz
2 | 889392000313 | Celsius Orange 12oz
2 | 889392000917 | Celsius Grape Rush 12oz
2 | 889392000757 | Celsius Lemon Lime 12oz
2 | 889392010176 | Celsius Fuji Apple Pear 12oz
2 | 889392000320 | Celsius Wild Berry 12oz
2 | 889393021318 | Celsius Strawberry Guava 12oz
1 | 850000429298 | Nocco Juicy Breeze
1 | 850000429120 | Nocco Caribbean
1 | 850000429137 | Nocco Tropical
1 | 850000429182 | Nocco Miami
1 | 850000429274 | Nocco Blood Orange
1 | 810014530680 | Ashock Accelerator RockPop 12oz
1 | 810014530734 | Ashock Accelerator Cherry IcePop 12oz
1 | 810014530475 | Ashock Accelerator Island Guava 12oz
1 | 810014530314 | Ashock Accelerator Peach Paradise 12oz
1 | 810014530710 | Ashock Accelerator Tropical Punch 12oz
1 | 810014530499 | Ashock Accelerator Cherry Lime 12oz
1 | 810014530543 | Ashock Accelerator Berry Lemonade 12oz
1 | 810014530635 | Ashock Tropical Punch 16oz
1 | 810014530345 | Ashock Blue Raspberry 16oz
1 | 810014530369 | Ashock Orange Freeze 16oz
2 | 070847831037 | Java Monster Mean Bean 15oz
2 | 070847831068 | Java Monster Loca Mocha 15oz
2 | 070847831013 | Java Monster Irish Blend 15oz
2 | 070847024033 | Java Monster Salted Caramel 15oz
2 | 070847892007 | Java Monster Café Latte 15oz
2 | 049000550740 | Dunkin' Brownie Batter 11oz
1 | 049000550764 | Dunkin' Cake Batter 11oz
1 | 810019268229 | Black Rifle 300 Mocha 15oz
1 | 810019268243 | Black Rifle 300 Caramel Vanilla 15oz
1 | 810119703347 | Black Rifle 300 Vanilla Bomb 15oz
1 | 810019263224 | Black Rifle Mocha 11oz
1 | 810019263231 | Black Rifle Cream 11oz
1 | 070847034797 | Java Monster 300 Mocha 15oz
1 | 070847035114 | Java Monster 300 Vanilla 15oz
2 | 049000172386 | Dunkin' Donuts Mocha 13.7oz
1 | 049000172393 | Dunkin' Donuts Vanilla 13.7oz
1 | 049000553628 | Dunkin' Donuts Caramel 13.7oz
1 | 049000072372 | Dunkin' Donuts Original 13.7oz
2 | 865891000150 | Super Coffee Mocha 12oz
1 | 865891000139 | Super Coffee Vanilla 12oz
1 | 850007042223 | Super Coffee Caramel 12oz
1 | 865891000122 | Super Coffee Hazelnut 12oz
2 | 012000038488 | Starbucks White Chocolate 15oz
1 | 012000028472 | Starbucks Coffee 15oz
1 | 012000181290 | Starbucks TS Mocha 15oz
1 | 012000181313 | Starbucks TS Vanilla 15oz
1 | 049000549515 | Costa Latte Mocha
1 | 049000549539 | Costa Latte Caramel
1 | 036632075000 | Int. Delight Caramel 15oz
1 | 036632075011 | Int. Delight Oreo 15oz
1 | 036632079798 | Int. Delight Reese's 15oz
2 | 012000001802 | Starbucks Frap Coffee 13.7oz
2 | 012000016721 | Starbucks Frap Caramel 13.7oz
2 | 012000028458 | Starbucks Mocha 15oz
2 | 012000028496 | Starbucks Vanilla 15oz
2 | 012000001772 | Starbucks DS 6.5oz
2 | 012000151095 | Starbucks Frap White Choc 13.7oz
4 | 012000004520 | Starbucks Frap Mocha 13.7oz
4 | 012000813313 | Starbucks Frap Vanilla 13.7oz
2 | 052000324815 | Gatorade Cool Blue 20oz
1 | 052000328660 | Gatorade Fruit Punch 20oz
1 | 052000328684 | Gatorade Lemon Lime 20oz
1 | 052000328677 | Gatorade Orange 20oz
1 | 052000324860 | Gatorade Glacier Freeze 20oz
1 | 052000102475 | Gatorade Glacier Cherry 20oz
1 | 052000043549 | Gatorade Glacier Freeze Zero 20oz
1 | 052000042146 | Gatorade Glacier Cherry Zero 20oz
1 | 052000047905 | Gatorlyte Orange 20oz
1 | 052000047912 | Gatorlyte Strawberry Kiwi 20oz
1 | 052000049005 | Gatorlyte Cherry Lime 20oz
1 | 052000054993 | Gatorlyte Glacier Freeze 20oz
1 | 052000050827 | Gatorlyte Mix Berry 20oz
1 | 052000052869 | Gatorlyte Lemon Lime 20oz
1 | 052000055006 | Gatorlyte Fruit Punch 20oz
1 | 052000051572 | Gadorade Gfit Water Straw 16.9oz
1 | 052000051534 | Gadorade Gfit Tropical Mango 16.9oz
2 | 052000047042 | Gatorade Cool Blue Zero 28oz
1 | 052000042310 | Gatorade Lemon Lime Zero 28oz
1 | 052000042320 | Gatorade Orange Zero 28oz
1 | 052000043143 | Gatorade Berry Zero 28oz
1 | 052000042344 | Gatorade Glacier Cherry Zero 28oz
1 | 052000041415 | Gatorade Glacier Freeze Zero 28oz
1 | 052000043270 | Gatorade Grape Zero 28oz
4 | 052000135176 | Gatorade Cool Blue 28oz
4 | 052000135138 | Gatorade Fruit Punch 28oz
4 | 052000135152 | Gatorade Lemon Lime 28oz
4 | 052000135145 | Gatorade Orange 28oz
3 | 052000135190 | Gatorade Glacier Freeze 28oz
3 | 052000102413 | Gatorade Glacier Cherry 28oz
2 | 052000010296 | Gatorade Arctic Blitz 28oz
3 | 052000135166 | Gatorade Fierce Grape 28oz
3 | 052000135084 | Gatorade Cucumber Lime 28oz
2 | 052000104103 | Gatorade Blue Cherry 28oz
3 | 052000241235 | Gatorade Cool Blue 24oz
2 | 052000241211 | Gatorade Fruit Punch 24oz
2 | 052000241204 | Gatorade Lemon Lime 24oz
2 | 052000103677 | Gatorade Glacier Cherry 24oz
2 | 786162101068 | Vitamin Water Energy 20oz
2 | 786162301116 | Vitamin Water Power C 20oz
2 | 786162301154 | Vitamin Water XXX 20oz
2 | 786162204854 | Vitamin Water Refresh 20oz
1 | 786162101075 | Vitamin Water Essential 20oz
2 | 786162202963 | Vitamin Water XXX Zero 20oz
2 | 786162140757 | Vitamin Water Gutzy Zero 20oz
1 | 786162411358 | Vitamin Water Forever Zero 20oz
2 | 049000407907 | Powerade Mountain Blast 20oz
2 | 049000403718 | Powerade Fruit Punch 20oz
2 | 049000179354 | Powerade Mountain Blast 28oz
2 | 049000179385 | Powerade Fruit Punch 28oz
2 | 049000179408 | Powerade Grape 28oz
2 | 049000179378 | Powerade Lemon Lime 28oz
2 | 049000554458 | Powerade Island Burst 28oz
2 | 049000179361 | Powerade Orange 28oz
1 | 049000179392 | Powerade Strawberry Lemon 28oz
1 | 049000179323 | Powerade Mixed Berry Zero 28oz
1 | 049000554182 | Powerade Strawberry Smash Zero 28oz
1 | 049000179316 | Powerade Grape Zero 28oz
1 | 810113830582 | Body Armor Flash Straw Kiwi 20oz
1 | 810113830605 | Body Armor Flash Tropical 20oz
1 | 810113830607 | Body Armor Flash Grape 20oz
1 | 810113830698 | Body Armor Flash Orange 20oz
2 | 858176002034 | Body Armor Straw Banana 16oz
2 | 858176002027 | Body Armor Orange Mango 16oz
1 | 858176002041 | Body Armor Fruit Punch 16oz
1 | 810113831336 | Body Armor Lemon Lime Lt 28oz
1 | 810113831398 | Body Armor Fruit Punch Zero 28oz
1 | 810113831435 | Body Armor Orange Zero 28oz
1 | 858176002850 | Body Armor Peach Mango Lt 28oz
2 | 858176002355 | Body Armor Straw Banana 28oz
2 | 858176002362 | Body Armor Fruit Punch 28oz
2 | 858176002348 | Body Armor Orange Mango 28oz
1 | 810113830339 | Body Armor Passionfruit 28oz
1 | 810113830247 | Body Armor Cherry Lime 28oz
1 | 858176002553 | Body Armor Tropical Punch 28oz
1 | 850009942296 | Body Armor Strawberry Grape 28oz
1 | 850009942449 | Body Armor Blue Raspberry 28oz
1 | 858176002379 | Body Armor Blackout Berry 28oz
2 | 786162001320 | Vitamin Water XXX 32oz
2 | 786162004929 | Vitamin Water Refresh 32oz
2 | 786162001207 | Vitamin Water Power C 32oz
2 | 786162001160 | Vitamin Water Energy 32oz
3 | 887725000450 | Electrolite Fruit Punch
2 | 887725000006 | Electrolite Grape
2 | 887725000054 | Electrolite Orange
2 | 887725000863 | Electrolite Zero Berry Blast
1 | 867693000218 | Bio Lite Citrus
1 | 867693000256 | Bio Lite Berry
1 | 867693000270 | Bio Lite Tropical
2 | 887725000252 | Electrolite Straw/Kiwi
2 | 887725001303 | Electrolite Blue Raspberry
2 | 887725000047 | Electrolite Coconut
3 | 852789008346 | Zen Water 16.9oz
2 | 052000707786 | Propel Kiwi Strawberry 20oz
1 | 052000013580 | Propel Watermelon 20oz
1 | 052000041538 | Propel Strawberry Lemon 20oz
1 | 052000047493 | Propel Immunity Orange Rasp 20oz
1 | 012000001598 | Aquafina 20oz
2 | 852789008519 | Zen Water 23.7oz
2 | 853004004150 | Core Sports 24oz
3 | 858176002218 | Body Armor Water 700mL
2 | 657227012240 | Essentia 700mL
3 | 852789008094 | Zen Water 33.8oz
3 | 853158004068 | Alkaline 88 1L
3 | 853004004037 | Core 30.4oz
4 | 858176002225 | Body Armor Water 1L
4 | 657227012103 | Essentia 1L
2 | 852789008537 | Zen Water 50.7oz
2 | 853158004259 | Alkaline 88 1.5L
1 | 810113830346 | Body Armor Water 1.5L
2 | 657227012158 | Essentia 1.5L
1 | 071537060300 | Polar Seltzer Rasp Lime 20oz
1 | 071537060348 | Polar Seltzer Lemon 20oz
1 | 071537060287 | Polar Seltzer Black Cherry 20oz
2 | 068274351938 | Splash Fizz Lemonade
2 | 068274351860 | Splash Fizz Blood Orange
2 | 068274351891 | Splash Fizz Raspberry Blackberry
1 | 810132860062 | Recover 180 Fruit Punch
1 | 810132860024 | Recover 180 Peach Mango
1 | 810132860055 | Recover 180 Super Berry
1 | 810132860000 | Recover 180 Lemon Lime
1 | 810132860048 | Recover 180 Watermelon
1 | 810116121557 | Prime Lemonade
1 | 085004042708 | Prime Ice Pop
1 | 085000356045 | Prime Blue Razz
1 | 810116123452 | Prime Cherry Freeze
2 | 021136181395 | Topo Chico Sabores Blue Hyb 12oz
2 | 021136181401 | Topo Chico Sabores Lime Mint 12oz
1 | 021136181418 | Topo Chico Sabores Tan Gin 12oz
2 | 012000190872 | Bubbly Grapefuit
2 | 012000190896 | Bubbly Cherry
1 | 012000190889 | Bubbly Lime
1 | 850031700079 | Liquid Death Mountain Water 19oz
1 | 850031700185 | Liquid Death Sparkling Water 19oz
1 | 850031700215 | Liquid Death Berry Alive 19oz
1 | 850031700222 | Liquid Death Sev'rd Lime 19oz
1 | 850031700208 | Liquid Death Mango Chainsaw 19oz
1 | 850031700246 | Liquid Death Convict Melon 19oz
2 | 070847892755 | Monster Tour Wellwater 19.2oz
2 | 070847892779 | Monster Tour Sparkling Water 19.2oz
1 | 068274443121 | Nestle Pure Life 20oz
2 | 071142078592 | Arrowhead 20oz
2 | 027541009828 | Niagra 20oz
2 | 071142041268 | Arrowhead .5L
2 | 027541001235 | Niagra .5L
3 | 070960951612 | Saratoga Sparkling 16oz
3 | 068274543340 | Nestle Pure Life 700mL
3 | 071142000029 | Arrowhead 700mL
2 | 068274611995 | Nestle Pure Life 1L
2 | 071142000005 | Arrowhead 1L
2 | 027541001242 | Niagra 1L
2 | 070478970013 | AC+ION 1L
2 | 070960951605 | Saratoga Spring 28oz
5 | 071142000159 | Arrowhead 1.5L
3 | 893919001318 | Icelandic 1L
2 | 856652006040 | Waiakea 1L
2 | 856652006194 | Waiakea 700mL
2 | 632565000050 | Fiji 1L
3 | 786162001528 | Smart Water 700mL
1 | 786162006134 | Smart Water Cucumber 700mL
1 | 786162006233 | Smart Water Strawberry 700mL
2 | 012000161162 | Life Water 700mL
2 | 012000171635 | Life Water 20oz
2 | 786162001443 | Smart Water 20oz
1 | 786162411396 | Smart Water Alkaline 20oz
5 | 786162023124 | Smart Water 1L
2 | 786162411167 | Smart Water Alkaline 1L
2 | 022000161155 | Life Water 1L
6 | 049000526561 | Dasani 1L
2 | 049000409772 | Dasani 20oz
6 | 012000001574 | Aquafina 1L
2 | 853004004020 | Core 20oz
2 | 786162043122 | Smart Water 1.5L
2 | 786162411150 | Smart Water Alkaline 1.5L
2 | 853004004891 | Core 1.3L
1 | 632565000067 | Fiji 1.5L
2 | 076183323564 | Snapple Peach Tea 32oz
2 | 076183328507 | Snapple Apple 32oz
2 | 076183323632 | Snapple Kiwi Strawberry 32oz
2 | 076183323649 | Snapple Mango Madness 32oz
2 | 076282000113 | Qtea Unsweet Peach Mango
1 | 076282000120 | Qtea Zero Cal
1 | 076282000083 | Qtea Sweet w/Lemon
1 | 076282000090 | Qtea Lemonade
1 | 076282000106 | Qtea Sweet w/Raspberry
1 | 076282000076 | Qtea Black w/Mango
1 | 076282000137 | Qtea Black Sweet
1 | 047900361213 | Luzianne Sweet Tea
1 | 047900361251 | Luzianne Peach Tea
1 | 850031700260 | Liquid Death Arnold Palmer
1 | 850031700277 | Liquid Death Peach
1 | 850031700253 | Liquid Death Grim Leaf
2 | 016571953836 | Sparkling Ice Blue Raspberry
2 | 016571952853 | Sparkling Ice Straw Citrus
1 | 016571953850 | Sparkling Ice Black Raspberry
1 | 016571955151 | Sparkling Ice Cherry Vanilla
1 | 016571952846 | Sparkling Ice Tropical Punch
3 | 083900105754 | Gold Peak Sweet
2 | 083900105778 | Gold Peak Unsweet
2 | 083900105976 | Gold Peak Green
2 | 049000167931 | Gold Peak Peach
1 | 613008763343 | Arizona Green
1 | 613008763398 | Arizona Watermelon
1 | 613008763381 | Arizona Mango
1 | 613008763411 | Arizona Arnold Palmer
1 | 613008763350 | Arizona Sweet Tea
2 | 049000170481 | Peace Razzleberry
1 | 049000170429 | Peace Caddy Shack
1 | 049000170436 | Peace Peachy
2 | 012000286193 | Pure Leaf Sweet
2 | 012000286179 | Pure Leaf Extra Sweet
1 | 012000286209 | Pure Leaf Unsweet
1 | 012000286186 | Pure Leaf Lemon
1 | 012000012754 | Lipton Green Citrus
1 | 012000112232 | Lipton Peach
1 | 012000012785 | Lipton Green Citrus Dt
1 | 076183003114 | Snapple Peach 16oz
1 | 076183003107 | Snapple Kiwi Strawberry 16oz
1 | 076183003138 | Snapple Fruit Punch 16oz
2 | 090478230672 | Jarritos Mineragua
1 | 090478230047 | Jarritos Sangria
1 | 090478230078 | Jarritos Mundel Apple
1 | 090478210445 | Jarritos Manderin
1 | 090478210575 | Jarritos Strawberry
1 | 090478410043 | Jarrritos Pineapple
2 | 012000031878 | Brisk Sweet
2 | 012000161230 | Brisk Strawberry Melon
2 | 012000024528 | Brisk Raspberry
1 | 012000034022 | Brisk Green w/Peach
1 | 012000202384 | Brisk Sweet w/Lemon
2 | 012000110467 | Kickstart Fruit Punch 16oz
1 | 012000110443 | Kickstart Orange Citrus 16oz
2 | 012000180323 | Kickstart Pin Orange Mango 16oz
2 | 012000211980 | Pepsi Nitro Cola
1 | 012000211997 | Pepsi Nitro Vanilla Cola
1 | 012000030284 | Pepsi 16oz
1 | 012000027215 | Mountain Dew 16oz
3 | 012000001291 | Pepsi 20oz
2 | 012000005596 | Pepsi Wild Cherry 20oz
2 | 012000018800 | Pepsi Zero 20oz
2 | 012000171741 | Pepsi Diet 20oz
3 | 012000001314 | Mountain Dew 20oz
2 | 012000191435 | Mountain Dew Zero 20oz
2 | 012000211706 | Mountain Dew Spark 20oz
1 | 012000221514 | Pepsi Starry 20oz
1 | 012000221521 | Pepsi Starry Zero 20oz
3 | 012000001345 | Mountain Dew Diet 20oz
1 | 012000130274 | Mountain Dew Baja Blast 20oz
1 | 012000183386 | Mountain Dew Baja Zero 20oz
1 | 012000204951 | Mountain Dew Major Melon 20oz
1 | 012000002243 | Mountain Dew Code Red 20oz
1 | 012000028625 | Mountain Dew Voltage 20oz
1 | 012000811319 | Mountain Dew Live Wire 20oz
5 | 078000082401 | Dr Pepper 20oz
2 | 078000083408 | Dr Pepper Diet 20oz
2 | 078000035308 | Dr Pepper Zero 20oz
2 | 078000037678 | Dr Pepper Straw Cream 20oz
2 | 078000033519 | Dr Pepper Cream 20oz
1 | 078000098402 | Dr Pepper Cherry 20oz
1 | 078000013283 | Crush Orange 20oz
1 | 078000013528 | Crush Grape 20oz
1 | 078000016406 | Squirt 20oz
1 | 050800000212 | Squirt Ruby Red 20oz
1 | 078000001617 | 7-Up 20oz
1 | 078000001624 | 7-Up Zero 20oz
1 | 071817000378 | Big Red 20oz
1 | 078000152401 | Canada Dry 20oz
1 | 078000052404 | A&W Rootbeer 20oz
1 | 078000053401 | A&W Rootbeer Zero 20oz
1 | 078000054408 | A&W Cream Soda 20oz
1 | 078000206401 | Schweppes 20oz
1 | 078000035209 | Sunkist Berry Lemonade 20oz
2 | 012000002946 | Pepsi 1L
2 | 012000002977 | Mountain Dew 1L
1 | 012000003189 | Mountain Dew Diet 1L
1 | 078000016451 | Squirt 1L
1 | 078000082456 | Dr Pepper 1L
1 | 078000083453 | Dr Pepper Diet 1L
1 | 049000177855 | Coke 12oz Slim
1 | 049000177831 | Coke Zero 12oz Slim
1 | 049000555240 | Coke Spiced 12oz Slim
1 | 049000555370 | Coke Spiced Zero 12oz Slim
2 | 049000153415 | Coke 16oz
1 | 049000053746 | Fanta Orange 16oz
1 | 049000153439 | Sprite 16oz
2 | 078000005868 | Dr Pepper 16oz
9 | 049000400441 | Coke 20oz
3 | 049000018011 | Coke Cherry 20oz
3 | 049000031171 | Coke Vanilla 20oz
3 | 049000147544 | Coke Cherry Zero 20oz
3 | 049000400458 | Coke Diet 20oz
2 | 049000555196 | Coke Spiced 20oz
1 | 049000555424 | Coke Spiced Zero 20oz
3 | 049000140866 | Coke Zero 20oz
7 | 049000407648 | Sprite 20oz
2 | 049000178722 | Sprite Lymeade 20oz
3 | 049000137194 | Sprite Zero 20oz
3 | 025000058011 | Minute Made Lemonade 20oz
3 | 025000119996 | Minute Made Blue Raspberry 20oz
2 | 049000419160 | Fanta Orange 20oz
2 | 049000026207 | Fanta Strawberry 20oz
2 | 049000028201 | Fanta Pineapple 20oz
2 | 049000141436 | Fanta Orange Zero 20oz
1 | 049000023923 | Barq's Rootbeer 20oz
3 | 049000405224 | Coke 1L
3 | 049000405248 | Coke Diet 1L
2 | 049000023190 | Sprite 1L
1 | 052000328677 | Gatorade Orange 20oz
1 | 049000072372 | Dunkin' Donuts Original 13.7oz
1 | 865891000122 | Super Coffee Hazelnut 12oz
3 | 852789008346 | Zen Water 16.9oz
Saving PDF: Gen 3S 14-Door
